-- Found ament_cmake: 0.9.9 (/opt/ros/foxy/share/ament_cmake/cmake)
-- Using PYTHON_EXECUTABLE: /usr/bin/python3
-- Override CMake install command with custom implementation using symlinks instead of copying resources
-- Found rclpy: 1.0.8 (/opt/ros/foxy/share/rclpy/cmake)
-- Configuring done
-- Generating done
-- Build files have been written to: /home/siwakon/ROS2_Directory/portman_ws/build/turtlesim_control
-- Install configuration: ""
-- Execute custom install script
-- Up-to-date symlink: /home/siwakon/ROS2_Directory/portman_ws/install/turtlesim_control/share/turtlesim_control/environment/pythonpath.sh
-- Up-to-date symlink: /home/siwakon/ROS2_Directory/portman_ws/install/turtlesim_control/share/turtlesim_control/environment/pythonpath.dsv
-- Up-to-date symlink: /home/siwakon/ROS2_Directory/portman_ws/install/turtlesim_control/lib/python3.8/site-packages/python_lib/__init__.py
-- Up-to-date symlink: /home/siwakon/ROS2_Directory/portman_ws/install/turtlesim_control/lib/turtlesim_control/controller.py
-- Symlinking: /home/siwakon/ROS2_Directory/portman_ws/install/turtlesim_control/lib/turtlesim_control/scheduler.py
-- Up-to-date symlink: /home/siwakon/ROS2_Directory/portman_ws/install/turtlesim_control/share/ament_index/resource_index/package_run_dependencies/turtlesim_control
-- Up-to-date symlink: /home/siwakon/ROS2_Directory/portman_ws/install/turtlesim_control/share/ament_index/resource_index/parent_prefix_path/turtlesim_control
-- Up-to-date symlink: /home/siwakon/ROS2_Directory/portman_ws/install/turtlesim_control/share/turtlesim_control/environment/ament_prefix_path.sh
-- Up-to-date symlink: /home/siwakon/ROS2_Directory/portman_ws/install/turtlesim_control/share/turtlesim_control/environment/ament_prefix_path.dsv
-- Up-to-date symlink: /home/siwakon/ROS2_Directory/portman_ws/install/turtlesim_control/share/turtlesim_control/environment/path.sh
-- Up-to-date symlink: /home/siwakon/ROS2_Directory/portman_ws/install/turtlesim_control/share/turtlesim_control/environment/path.dsv
-- Up-to-date symlink: /home/siwakon/ROS2_Directory/portman_ws/install/turtlesim_control/share/turtlesim_control/local_setup.bash
-- Up-to-date symlink: /home/siwakon/ROS2_Directory/portman_ws/install/turtlesim_control/share/turtlesim_control/local_setup.sh
-- Up-to-date symlink: /home/siwakon/ROS2_Directory/portman_ws/install/turtlesim_control/share/turtlesim_control/local_setup.zsh
-- Up-to-date symlink: /home/siwakon/ROS2_Directory/portman_ws/install/turtlesim_control/share/turtlesim_control/local_setup.dsv
-- Symlinking: /home/siwakon/ROS2_Directory/portman_ws/install/turtlesim_control/share/turtlesim_control/package.dsv
-- Up-to-date symlink: /home/siwakon/ROS2_Directory/portman_ws/install/turtlesim_control/share/ament_index/resource_index/packages/turtlesim_control
-- Up-to-date symlink: /home/siwakon/ROS2_Directory/portman_ws/install/turtlesim_control/share/turtlesim_control/cmake/turtlesim_controlConfig.cmake
-- Up-to-date symlink: /home/siwakon/ROS2_Directory/portman_ws/install/turtlesim_control/share/turtlesim_control/cmake/turtlesim_controlConfig-version.cmake
-- Up-to-date symlink: /home/siwakon/ROS2_Directory/portman_ws/install/turtlesim_control/share/turtlesim_control/package.xml
Listing '/home/siwakon/ROS2_Directory/portman_ws/install/turtlesim_control/lib/python3.8/site-packages/python_lib'...
