[0.026s] Invoking command in '/home/siwakon/ROS2_Directory/portman_ws/build/turtlesim_interfaces': CMAKE_PREFIX_PATH=${CMAKE_PREFIX_PATH}:/opt/ros/foxy /usr/bin/cmake --build /home/siwakon/ROS2_Directory/portman_ws/build/turtlesim_interfaces -- -j12 -l12
[0.090s] [  2%] Built target turtlesim_interfaces__cpp
[0.096s] [ 12%] Built target turtlesim_interfaces__rosidl_generator_c
[0.117s] [ 23%] Built target turtlesim_interfaces__rosidl_typesupport_introspection_cpp
[0.120s] [ 33%] Built target turtlesim_interfaces__rosidl_typesupport_c
[0.123s] [ 43%] Built target turtlesim_interfaces__rosidl_typesupport_cpp
[0.127s] [ 53%] Built target turtlesim_interfaces__rosidl_typesupport_introspection_c
[0.127s] [ 64%] Built target turtlesim_interfaces__rosidl_typesupport_fastrtps_cpp
[0.171s] [ 74%] Built target turtlesim_interfaces__rosidl_typesupport_fastrtps_c
[0.201s] [ 74%] Built target turtlesim_interfaces
[0.235s] [ 76%] Built target turtlesim_interfaces__py
[0.269s] [ 84%] Built target turtlesim_interfaces__python
[0.307s] [ 89%] Built target turtlesim_interfaces__rosidl_typesupport_fastrtps_c__pyext
[0.308s] [ 94%] Built target turtlesim_interfaces__rosidl_typesupport_introspection_c__pyext
[0.313s] [100%] Built target turtlesim_interfaces__rosidl_typesupport_c__pyext
[0.333s] Invoked command in '/home/siwakon/ROS2_Directory/portman_ws/build/turtlesim_interfaces' returned '0': CMAKE_PREFIX_PATH=${CMAKE_PREFIX_PATH}:/opt/ros/foxy /usr/bin/cmake --build /home/siwakon/ROS2_Directory/portman_ws/build/turtlesim_interfaces -- -j12 -l12
[0.429s] Invoking command in '/home/siwakon/ROS2_Directory/portman_ws/build/turtlesim_interfaces': CMAKE_PREFIX_PATH=${CMAKE_PREFIX_PATH}:/opt/ros/foxy /usr/bin/cmake --install /home/siwakon/ROS2_Directory/portman_ws/build/turtlesim_interfaces
[0.439s] -- Install configuration: ""
[0.439s] -- Execute custom install script
[0.440s] -- Up-to-date symlink: /home/siwakon/ROS2_Directory/portman_ws/install/turtlesim_interfaces/share/ament_index/resource_index/rosidl_interfaces/turtlesim_interfaces
[0.440s] -- Up-to-date symlink: /home/siwakon/ROS2_Directory/portman_ws/install/turtlesim_interfaces/include/turtlesim_interfaces/msg/rosidl_generator_c__visibility_control.h
[0.440s] -- Up-to-date symlink: /home/siwakon/ROS2_Directory/portman_ws/install/turtlesim_interfaces/include/turtlesim_interfaces/srv/detail/rand_goal__functions.h
[0.440s] -- Up-to-date symlink: /home/siwakon/ROS2_Directory/portman_ws/install/turtlesim_interfaces/include/turtlesim_interfaces/srv/detail/rand_goal__struct.h
[0.441s] -- Up-to-date symlink: /home/siwakon/ROS2_Directory/portman_ws/install/turtlesim_interfaces/include/turtlesim_interfaces/srv/detail/rand_goal__type_support.h
[0.441s] -- Up-to-date symlink: /home/siwakon/ROS2_Directory/portman_ws/install/turtlesim_interfaces/include/turtlesim_interfaces/srv/detail/set_goal__functions.h
[0.441s] -- Up-to-date symlink: /home/siwakon/ROS2_Directory/portman_ws/install/turtlesim_interfaces/include/turtlesim_interfaces/srv/detail/set_goal__struct.h
[0.441s] -- Up-to-date symlink: /home/siwakon/ROS2_Directory/portman_ws/install/turtlesim_interfaces/include/turtlesim_interfaces/srv/detail/set_goal__type_support.h
[0.441s] -- Up-to-date symlink: /home/siwakon/ROS2_Directory/portman_ws/install/turtlesim_interfaces/include/turtlesim_interfaces/srv/rand_goal.h
[0.441s] -- Up-to-date symlink: /home/siwakon/ROS2_Directory/portman_ws/install/turtlesim_interfaces/include/turtlesim_interfaces/srv/set_goal.h
[0.442s] -- Up-to-date symlink: /home/siwakon/ROS2_Directory/portman_ws/install/turtlesim_interfaces/share/turtlesim_interfaces/environment/library_path.sh
[0.442s] -- Up-to-date symlink: /home/siwakon/ROS2_Directory/portman_ws/install/turtlesim_interfaces/share/turtlesim_interfaces/environment/library_path.dsv
[0.442s] -- Up-to-date symlink: /home/siwakon/ROS2_Directory/portman_ws/install/turtlesim_interfaces/include/turtlesim_interfaces/msg/rosidl_typesupport_fastrtps_c__visibility_control.h
[0.442s] -- Up-to-date symlink: /home/siwakon/ROS2_Directory/portman_ws/install/turtlesim_interfaces/include/turtlesim_interfaces/srv/detail/rand_goal__rosidl_typesupport_fastrtps_c.h
[0.442s] -- Up-to-date symlink: /home/siwakon/ROS2_Directory/portman_ws/install/turtlesim_interfaces/include/turtlesim_interfaces/srv/detail/set_goal__rosidl_typesupport_fastrtps_c.h
[0.442s] -- Up-to-date symlink: /home/siwakon/ROS2_Directory/portman_ws/install/turtlesim_interfaces/lib/libturtlesim_interfaces__rosidl_typesupport_fastrtps_c.so
[0.443s] -- Up-to-date symlink: /home/siwakon/ROS2_Directory/portman_ws/install/turtlesim_interfaces/include/turtlesim_interfaces/msg/rosidl_typesupport_fastrtps_cpp__visibility_control.h
[0.443s] -- Up-to-date symlink: /home/siwakon/ROS2_Directory/portman_ws/install/turtlesim_interfaces/include/turtlesim_interfaces/srv/detail/rand_goal__rosidl_typesupport_fastrtps_cpp.hpp
[0.443s] -- Up-to-date symlink: /home/siwakon/ROS2_Directory/portman_ws/install/turtlesim_interfaces/include/turtlesim_interfaces/srv/detail/set_goal__rosidl_typesupport_fastrtps_cpp.hpp
[0.444s] -- Up-to-date symlink: /home/siwakon/ROS2_Directory/portman_ws/install/turtlesim_interfaces/lib/libturtlesim_interfaces__rosidl_typesupport_fastrtps_cpp.so
[0.445s] -- Up-to-date symlink: /home/siwakon/ROS2_Directory/portman_ws/install/turtlesim_interfaces/include/turtlesim_interfaces/msg/rosidl_typesupport_introspection_c__visibility_control.h
[0.446s] -- Up-to-date symlink: /home/siwakon/ROS2_Directory/portman_ws/install/turtlesim_interfaces/include/turtlesim_interfaces/srv/detail/rand_goal__rosidl_typesupport_introspection_c.h
[0.446s] -- Up-to-date symlink: /home/siwakon/ROS2_Directory/portman_ws/install/turtlesim_interfaces/include/turtlesim_interfaces/srv/detail/set_goal__rosidl_typesupport_introspection_c.h
[0.447s] -- Up-to-date symlink: /home/siwakon/ROS2_Directory/portman_ws/install/turtlesim_interfaces/include/turtlesim_interfaces/srv/detail/rand_goal__builder.hpp
[0.448s] -- Up-to-date symlink: /home/siwakon/ROS2_Directory/portman_ws/install/turtlesim_interfaces/include/turtlesim_interfaces/srv/detail/rand_goal__struct.hpp
[0.448s] -- Up-to-date symlink: /home/siwakon/ROS2_Directory/portman_ws/install/turtlesim_interfaces/include/turtlesim_interfaces/srv/detail/rand_goal__traits.hpp
[0.448s] -- Up-to-date symlink: /home/siwakon/ROS2_Directory/portman_ws/install/turtlesim_interfaces/include/turtlesim_interfaces/srv/detail/set_goal__builder.hpp
[0.448s] -- Up-to-date symlink: /home/siwakon/ROS2_Directory/portman_ws/install/turtlesim_interfaces/include/turtlesim_interfaces/srv/detail/set_goal__struct.hpp
[0.448s] -- Up-to-date symlink: /home/siwakon/ROS2_Directory/portman_ws/install/turtlesim_interfaces/include/turtlesim_interfaces/srv/detail/set_goal__traits.hpp
[0.449s] -- Up-to-date symlink: /home/siwakon/ROS2_Directory/portman_ws/install/turtlesim_interfaces/include/turtlesim_interfaces/srv/rand_goal.hpp
[0.449s] -- Up-to-date symlink: /home/siwakon/ROS2_Directory/portman_ws/install/turtlesim_interfaces/include/turtlesim_interfaces/srv/set_goal.hpp
[0.449s] -- Up-to-date symlink: /home/siwakon/ROS2_Directory/portman_ws/install/turtlesim_interfaces/include/turtlesim_interfaces/srv/detail/rand_goal__rosidl_typesupport_introspection_cpp.hpp
[0.449s] -- Up-to-date symlink: /home/siwakon/ROS2_Directory/portman_ws/install/turtlesim_interfaces/include/turtlesim_interfaces/srv/detail/set_goal__rosidl_typesupport_introspection_cpp.hpp
[0.449s] -- Up-to-date symlink: /home/siwakon/ROS2_Directory/portman_ws/install/turtlesim_interfaces/share/turtlesim_interfaces/environment/pythonpath.sh
[0.449s] -- Up-to-date symlink: /home/siwakon/ROS2_Directory/portman_ws/install/turtlesim_interfaces/share/turtlesim_interfaces/environment/pythonpath.dsv
[0.450s] -- Up-to-date symlink: /home/siwakon/ROS2_Directory/portman_ws/install/turtlesim_interfaces/lib/python3.8/site-packages/turtlesim_interfaces/__init__.py
[0.450s] -- Up-to-date symlink: /home/siwakon/ROS2_Directory/portman_ws/install/turtlesim_interfaces/lib/python3.8/site-packages/turtlesim_interfaces/srv/__init__.py
[0.450s] -- Up-to-date symlink: /home/siwakon/ROS2_Directory/portman_ws/install/turtlesim_interfaces/lib/python3.8/site-packages/turtlesim_interfaces/srv/_rand_goal.py
[0.450s] -- Up-to-date symlink: /home/siwakon/ROS2_Directory/portman_ws/install/turtlesim_interfaces/lib/python3.8/site-packages/turtlesim_interfaces/srv/_set_goal.py
[0.450s] -- Up-to-date symlink: /home/siwakon/ROS2_Directory/portman_ws/install/turtlesim_interfaces/lib/python3.8/site-packages/turtlesim_interfaces/turtlesim_interfaces_s__rosidl_typesupport_fastrtps_c.cpython-38-x86_64-linux-gnu.so
[0.451s] -- Up-to-date symlink: /home/siwakon/ROS2_Directory/portman_ws/install/turtlesim_interfaces/lib/python3.8/site-packages/turtlesim_interfaces/turtlesim_interfaces_s__rosidl_typesupport_introspection_c.cpython-38-x86_64-linux-gnu.so
[0.451s] -- Up-to-date symlink: /home/siwakon/ROS2_Directory/portman_ws/install/turtlesim_interfaces/lib/python3.8/site-packages/turtlesim_interfaces/turtlesim_interfaces_s__rosidl_typesupport_c.cpython-38-x86_64-linux-gnu.so
[0.451s] -- Up-to-date symlink: /home/siwakon/ROS2_Directory/portman_ws/install/turtlesim_interfaces/lib/libturtlesim_interfaces__python.so
[0.452s] -- Up-to-date symlink: /home/siwakon/ROS2_Directory/portman_ws/install/turtlesim_interfaces/share/turtlesim_interfaces/srv/RandGoal.idl
[0.452s] -- Up-to-date symlink: /home/siwakon/ROS2_Directory/portman_ws/install/turtlesim_interfaces/share/turtlesim_interfaces/srv/SetGoal.idl
[0.452s] -- Up-to-date symlink: /home/siwakon/ROS2_Directory/portman_ws/install/turtlesim_interfaces/share/turtlesim_interfaces/srv/RandGoal.srv
[0.452s] -- Up-to-date symlink: /home/siwakon/ROS2_Directory/portman_ws/install/turtlesim_interfaces/share/turtlesim_interfaces/srv/RandGoal_Request.msg
[0.452s] -- Up-to-date symlink: /home/siwakon/ROS2_Directory/portman_ws/install/turtlesim_interfaces/share/turtlesim_interfaces/srv/RandGoal_Response.msg
[0.453s] -- Up-to-date symlink: /home/siwakon/ROS2_Directory/portman_ws/install/turtlesim_interfaces/share/turtlesim_interfaces/srv/SetGoal.srv
[0.453s] -- Up-to-date symlink: /home/siwakon/ROS2_Directory/portman_ws/install/turtlesim_interfaces/share/turtlesim_interfaces/srv/SetGoal_Request.msg
[0.453s] -- Up-to-date symlink: /home/siwakon/ROS2_Directory/portman_ws/install/turtlesim_interfaces/share/turtlesim_interfaces/srv/SetGoal_Response.msg
[0.453s] -- Up-to-date symlink: /home/siwakon/ROS2_Directory/portman_ws/install/turtlesim_interfaces/share/ament_index/resource_index/package_run_dependencies/turtlesim_interfaces
[0.453s] -- Up-to-date symlink: /home/siwakon/ROS2_Directory/portman_ws/install/turtlesim_interfaces/share/ament_index/resource_index/parent_prefix_path/turtlesim_interfaces
[0.453s] -- Up-to-date symlink: /home/siwakon/ROS2_Directory/portman_ws/install/turtlesim_interfaces/share/turtlesim_interfaces/environment/ament_prefix_path.sh
[0.454s] -- Up-to-date symlink: /home/siwakon/ROS2_Directory/portman_ws/install/turtlesim_interfaces/share/turtlesim_interfaces/environment/ament_prefix_path.dsv
[0.454s] -- Up-to-date symlink: /home/siwakon/ROS2_Directory/portman_ws/install/turtlesim_interfaces/share/turtlesim_interfaces/environment/path.sh
[0.454s] -- Up-to-date symlink: /home/siwakon/ROS2_Directory/portman_ws/install/turtlesim_interfaces/share/turtlesim_interfaces/environment/path.dsv
[0.455s] -- Up-to-date symlink: /home/siwakon/ROS2_Directory/portman_ws/install/turtlesim_interfaces/share/turtlesim_interfaces/local_setup.bash
[0.455s] -- Up-to-date symlink: /home/siwakon/ROS2_Directory/portman_ws/install/turtlesim_interfaces/share/turtlesim_interfaces/local_setup.sh
[0.455s] -- Up-to-date symlink: /home/siwakon/ROS2_Directory/portman_ws/install/turtlesim_interfaces/share/turtlesim_interfaces/local_setup.zsh
[0.455s] -- Up-to-date symlink: /home/siwakon/ROS2_Directory/portman_ws/install/turtlesim_interfaces/share/turtlesim_interfaces/local_setup.dsv
[0.455s] -- Symlinking: /home/siwakon/ROS2_Directory/portman_ws/install/turtlesim_interfaces/share/turtlesim_interfaces/package.dsv
[0.467s] -- Up-to-date symlink: /home/siwakon/ROS2_Directory/portman_ws/install/turtlesim_interfaces/share/ament_index/resource_index/packages/turtlesim_interfaces
[0.467s] -- Up-to-date symlink: /home/siwakon/ROS2_Directory/portman_ws/install/turtlesim_interfaces/share/turtlesim_interfaces/cmake/rosidl_cmake-extras.cmake
[0.467s] -- Up-to-date symlink: /home/siwakon/ROS2_Directory/portman_ws/install/turtlesim_interfaces/share/turtlesim_interfaces/cmake/ament_cmake_export_dependencies-extras.cmake
[0.467s] -- Up-to-date symlink: /home/siwakon/ROS2_Directory/portman_ws/install/turtlesim_interfaces/share/turtlesim_interfaces/cmake/ament_cmake_export_libraries-extras.cmake
[0.468s] -- Up-to-date symlink: /home/siwakon/ROS2_Directory/portman_ws/install/turtlesim_interfaces/share/turtlesim_interfaces/cmake/ament_cmake_export_targets-extras.cmake
[0.468s] -- Up-to-date symlink: /home/siwakon/ROS2_Directory/portman_ws/install/turtlesim_interfaces/share/turtlesim_interfaces/cmake/ament_cmake_export_include_directories-extras.cmake
[0.468s] -- Up-to-date symlink: /home/siwakon/ROS2_Directory/portman_ws/install/turtlesim_interfaces/share/turtlesim_interfaces/cmake/rosidl_cmake_export_typesupport_libraries-extras.cmake
[0.469s] -- Up-to-date symlink: /home/siwakon/ROS2_Directory/portman_ws/install/turtlesim_interfaces/share/turtlesim_interfaces/cmake/rosidl_cmake_export_typesupport_targets-extras.cmake
[0.469s] -- Up-to-date symlink: /home/siwakon/ROS2_Directory/portman_ws/install/turtlesim_interfaces/share/turtlesim_interfaces/cmake/turtlesim_interfacesConfig.cmake
[0.469s] -- Up-to-date symlink: /home/siwakon/ROS2_Directory/portman_ws/install/turtlesim_interfaces/share/turtlesim_interfaces/cmake/turtlesim_interfacesConfig-version.cmake
[0.470s] -- Up-to-date symlink: /home/siwakon/ROS2_Directory/portman_ws/install/turtlesim_interfaces/share/turtlesim_interfaces/package.xml
[0.471s] -- Up-to-date: /home/siwakon/ROS2_Directory/portman_ws/install/turtlesim_interfaces/lib/libturtlesim_interfaces__rosidl_generator_c.so
[0.471s] -- Up-to-date: /home/siwakon/ROS2_Directory/portman_ws/install/turtlesim_interfaces/lib/libturtlesim_interfaces__rosidl_typesupport_introspection_c.so
[0.472s] -- Up-to-date: /home/siwakon/ROS2_Directory/portman_ws/install/turtlesim_interfaces/lib/libturtlesim_interfaces__rosidl_typesupport_c.so
[0.472s] -- Up-to-date: /home/siwakon/ROS2_Directory/portman_ws/install/turtlesim_interfaces/lib/libturtlesim_interfaces__rosidl_typesupport_introspection_cpp.so
[0.473s] -- Up-to-date: /home/siwakon/ROS2_Directory/portman_ws/install/turtlesim_interfaces/lib/libturtlesim_interfaces__rosidl_typesupport_cpp.so
[0.511s] -- Up-to-date: /home/siwakon/ROS2_Directory/portman_ws/install/turtlesim_interfaces/share/turtlesim_interfaces/cmake/turtlesim_interfaces__rosidl_generator_cExport.cmake
[0.512s] -- Up-to-date: /home/siwakon/ROS2_Directory/portman_ws/install/turtlesim_interfaces/share/turtlesim_interfaces/cmake/turtlesim_interfaces__rosidl_generator_cExport-noconfig.cmake
[0.512s] -- Up-to-date: /home/siwakon/ROS2_Directory/portman_ws/install/turtlesim_interfaces/share/turtlesim_interfaces/cmake/turtlesim_interfaces__rosidl_typesupport_introspection_cExport.cmake
[0.512s] -- Up-to-date: /home/siwakon/ROS2_Directory/portman_ws/install/turtlesim_interfaces/share/turtlesim_interfaces/cmake/turtlesim_interfaces__rosidl_typesupport_introspection_cExport-noconfig.cmake
[0.513s] -- Up-to-date: /home/siwakon/ROS2_Directory/portman_ws/install/turtlesim_interfaces/share/turtlesim_interfaces/cmake/turtlesim_interfaces__rosidl_typesupport_cExport.cmake
[0.513s] -- Up-to-date: /home/siwakon/ROS2_Directory/portman_ws/install/turtlesim_interfaces/share/turtlesim_interfaces/cmake/turtlesim_interfaces__rosidl_typesupport_cExport-noconfig.cmake
[0.514s] -- Up-to-date: /home/siwakon/ROS2_Directory/portman_ws/install/turtlesim_interfaces/share/turtlesim_interfaces/cmake/turtlesim_interfaces__rosidl_generator_cppExport.cmake
[0.514s] -- Up-to-date: /home/siwakon/ROS2_Directory/portman_ws/install/turtlesim_interfaces/share/turtlesim_interfaces/cmake/turtlesim_interfaces__rosidl_typesupport_introspection_cppExport.cmake
[0.514s] -- Up-to-date: /home/siwakon/ROS2_Directory/portman_ws/install/turtlesim_interfaces/share/turtlesim_interfaces/cmake/turtlesim_interfaces__rosidl_typesupport_introspection_cppExport-noconfig.cmake
[0.514s] -- Up-to-date: /home/siwakon/ROS2_Directory/portman_ws/install/turtlesim_interfaces/share/turtlesim_interfaces/cmake/turtlesim_interfaces__rosidl_typesupport_cppExport.cmake
[0.514s] -- Up-to-date: /home/siwakon/ROS2_Directory/portman_ws/install/turtlesim_interfaces/share/turtlesim_interfaces/cmake/turtlesim_interfaces__rosidl_typesupport_cppExport-noconfig.cmake
[0.520s] Invoked command in '/home/siwakon/ROS2_Directory/portman_ws/build/turtlesim_interfaces' returned '0': CMAKE_PREFIX_PATH=${CMAKE_PREFIX_PATH}:/opt/ros/foxy /usr/bin/cmake --install /home/siwakon/ROS2_Directory/portman_ws/build/turtlesim_interfaces
