[0.024s] Invoking command in '/home/siwakon/ROS2_Directory/portman_ws/build/turtlesim_control': CMAKE_PREFIX_PATH=${CMAKE_PREFIX_PATH}:/opt/ros/foxy /usr/bin/cmake --build /home/siwakon/ROS2_Directory/portman_ws/build/turtlesim_control -- -j12 -l12
[0.068s] Invoked command in '/home/siwakon/ROS2_Directory/portman_ws/build/turtlesim_control' returned '0': CMAKE_PREFIX_PATH=${CMAKE_PREFIX_PATH}:/opt/ros/foxy /usr/bin/cmake --build /home/siwakon/ROS2_Directory/portman_ws/build/turtlesim_control -- -j12 -l12
[0.102s] Invoking command in '/home/siwakon/ROS2_Directory/portman_ws/build/turtlesim_control': CMAKE_PREFIX_PATH=${CMAKE_PREFIX_PATH}:/opt/ros/foxy /usr/bin/cmake --install /home/siwakon/ROS2_Directory/portman_ws/build/turtlesim_control
[0.109s] -- Install configuration: ""
[0.110s] -- Execute custom install script
[0.110s] -- Up-to-date symlink: /home/siwakon/ROS2_Directory/portman_ws/install/turtlesim_control/share/turtlesim_control/environment/pythonpath.sh
[0.110s] -- Up-to-date symlink: /home/siwakon/ROS2_Directory/portman_ws/install/turtlesim_control/share/turtlesim_control/environment/pythonpath.dsv
[0.111s] -- Up-to-date symlink: /home/siwakon/ROS2_Directory/portman_ws/install/turtlesim_control/lib/python3.8/site-packages/python_lib/__init__.py
[0.111s] -- Up-to-date symlink: /home/siwakon/ROS2_Directory/portman_ws/install/turtlesim_control/lib/turtlesim_control/controller.py
[0.111s] -- Up-to-date symlink: /home/siwakon/ROS2_Directory/portman_ws/install/turtlesim_control/lib/turtlesim_control/scheduler.py
[0.111s] -- Up-to-date symlink: /home/siwakon/ROS2_Directory/portman_ws/install/turtlesim_control/share/ament_index/resource_index/package_run_dependencies/turtlesim_control
[0.112s] -- Up-to-date symlink: /home/siwakon/ROS2_Directory/portman_ws/install/turtlesim_control/share/ament_index/resource_index/parent_prefix_path/turtlesim_control
[0.112s] -- Up-to-date symlink: /home/siwakon/ROS2_Directory/portman_ws/install/turtlesim_control/share/turtlesim_control/environment/ament_prefix_path.sh
[0.112s] -- Up-to-date symlink: /home/siwakon/ROS2_Directory/portman_ws/install/turtlesim_control/share/turtlesim_control/environment/ament_prefix_path.dsv
[0.113s] -- Up-to-date symlink: /home/siwakon/ROS2_Directory/portman_ws/install/turtlesim_control/share/turtlesim_control/environment/path.sh
[0.113s] -- Up-to-date symlink: /home/siwakon/ROS2_Directory/portman_ws/install/turtlesim_control/share/turtlesim_control/environment/path.dsv
[0.113s] -- Up-to-date symlink: /home/siwakon/ROS2_Directory/portman_ws/install/turtlesim_control/share/turtlesim_control/local_setup.bash
[0.114s] -- Up-to-date symlink: /home/siwakon/ROS2_Directory/portman_ws/install/turtlesim_control/share/turtlesim_control/local_setup.sh
[0.114s] -- Up-to-date symlink: /home/siwakon/ROS2_Directory/portman_ws/install/turtlesim_control/share/turtlesim_control/local_setup.zsh
[0.114s] -- Up-to-date symlink: /home/siwakon/ROS2_Directory/portman_ws/install/turtlesim_control/share/turtlesim_control/local_setup.dsv
[0.114s] -- Symlinking: /home/siwakon/ROS2_Directory/portman_ws/install/turtlesim_control/share/turtlesim_control/package.dsv
[0.123s] -- Up-to-date symlink: /home/siwakon/ROS2_Directory/portman_ws/install/turtlesim_control/share/ament_index/resource_index/packages/turtlesim_control
[0.123s] -- Up-to-date symlink: /home/siwakon/ROS2_Directory/portman_ws/install/turtlesim_control/share/turtlesim_control/cmake/turtlesim_controlConfig.cmake
[0.123s] -- Up-to-date symlink: /home/siwakon/ROS2_Directory/portman_ws/install/turtlesim_control/share/turtlesim_control/cmake/turtlesim_controlConfig-version.cmake
[0.123s] -- Up-to-date symlink: /home/siwakon/ROS2_Directory/portman_ws/install/turtlesim_control/share/turtlesim_control/package.xml
[0.150s] Listing '/home/siwakon/ROS2_Directory/portman_ws/install/turtlesim_control/lib/python3.8/site-packages/python_lib'...
[0.158s] Invoked command in '/home/siwakon/ROS2_Directory/portman_ws/build/turtlesim_control' returned '0': CMAKE_PREFIX_PATH=${CMAKE_PREFIX_PATH}:/opt/ros/foxy /usr/bin/cmake --install /home/siwakon/ROS2_Directory/portman_ws/build/turtlesim_control
