[0.163s] DEBUG:colcon:Command line arguments: ['/usr/bin/colcon', 'build', '--symlink-install']
[0.163s] DEBUG:colcon:Parsed command line arguments: Namespace(allow_overriding=[], ament_cmake_args=None, base_paths=['.'], build_base='build', catkin_cmake_args=None, catkin_skip_building_tests=False, cmake_args=None, cmake_clean_cache=False, cmake_clean_first=False, cmake_force_configure=False, cmake_target=None, cmake_target_skip_unavailable=False, continue_on_error=False, event_handlers=None, executor='parallel', ignore_user_meta=False, install_base='install', log_base=None, log_level=None, main=<bound method BuildVerb.main of <colcon_core.verb.build.BuildVerb object at 0x7ff74b9e1760>>, merge_install=False, metas=['./colcon.meta'], packages_above=None, packages_above_and_dependencies=None, packages_above_depth=None, packages_end=None, packages_ignore=None, packages_ignore_regex=None, packages_select=None, packages_select_build_failed=False, packages_select_by_dep=None, packages_select_regex=None, packages_select_test_failures=False, packages_skip=None, packages_skip_build_finished=False, packages_skip_by_dep=None, packages_skip_regex=None, packages_skip_test_passed=False, packages_skip_up_to=None, packages_start=None, packages_up_to=None, packages_up_to_regex=None, parallel_workers=12, paths=None, symlink_install=True, test_result_base=None, verb_extension=<colcon_core.verb.build.BuildVerb object at 0x7ff74b9e1760>, verb_name='build', verb_parser=<colcon_defaults.argument_parser.defaults.DefaultArgumentsDecorator object at 0x7ff74b9e1ca0>)
[0.193s] Level 1:colcon.colcon_core.package_discovery:discover_packages(colcon_meta) check parameters
[0.193s] Level 1:colcon.colcon_core.package_discovery:discover_packages(recursive) check parameters
[0.193s] Level 1:colcon.colcon_core.package_discovery:discover_packages(ignore) check parameters
[0.193s] Level 1:colcon.colcon_core.package_discovery:discover_packages(path) check parameters
[0.193s] Level 1:colcon.colcon_core.package_discovery:discover_packages(colcon_meta) discover
[0.193s] Level 1:colcon.colcon_core.package_discovery:discover_packages(recursive) discover
[0.194s] INFO:colcon.colcon_core.package_discovery:Crawling recursively for packages in '/home/siwakon/ROS2_Directory/portman_ws'
[0.194s] Level 1:colcon.colcon_core.package_identification:_identify(.) by extensions ['ignore', 'ignore_ament_install']
[0.194s] Level 1:colcon.colcon_core.package_identification:_identify(.) by extension 'ignore'
[0.194s] Level 1:colcon.colcon_core.package_identification:_identify(.) by extension 'ignore_ament_install'
[0.194s] Level 1:colcon.colcon_core.package_identification:_identify(.) by extensions ['colcon_pkg']
[0.194s] Level 1:colcon.colcon_core.package_identification:_identify(.) by extension 'colcon_pkg'
[0.194s] Level 1:colcon.colcon_core.package_identification:_identify(.) by extensions ['colcon_meta']
[0.194s] Level 1:colcon.colcon_core.package_identification:_identify(.) by extension 'colcon_meta'
[0.194s] Level 1:colcon.colcon_core.package_identification:_identify(.) by extensions ['ros']
[0.194s] Level 1:colcon.colcon_core.package_identification:_identify(.) by extension 'ros'
[0.221s] Level 1:colcon.colcon_core.package_identification:_identify(.) by extensions ['cmake', 'python']
[0.221s] Level 1:colcon.colcon_core.package_identification:_identify(.) by extension 'cmake'
[0.221s] Level 1:colcon.colcon_core.package_identification:_identify(.) by extension 'python'
[0.221s] Level 1:colcon.colcon_core.package_identification:_identify(.) by extensions ['python_setup_py']
[0.221s] Level 1:colcon.colcon_core.package_identification:_identify(.) by extension 'python_setup_py'
[0.221s] Level 1:colcon.colcon_core.package_identification:_identify(build) by extensions ['ignore', 'ignore_ament_install']
[0.221s] Level 1:colcon.colcon_core.package_identification:_identify(build) by extension 'ignore'
[0.221s] Level 1:colcon.colcon_core.package_identification:_identify(build) ignored
[0.222s] Level 1:colcon.colcon_core.package_identification:_identify(install) by extensions ['ignore', 'ignore_ament_install']
[0.222s] Level 1:colcon.colcon_core.package_identification:_identify(install) by extension 'ignore'
[0.222s] Level 1:colcon.colcon_core.package_identification:_identify(install) ignored
[0.222s] Level 1:colcon.colcon_core.package_identification:_identify(log) by extensions ['ignore', 'ignore_ament_install']
[0.222s] Level 1:colcon.colcon_core.package_identification:_identify(log) by extension 'ignore'
[0.222s] Level 1:colcon.colcon_core.package_identification:_identify(log) ignored
[0.222s] Level 1:colcon.colcon_core.package_identification:_identify(src) by extensions ['ignore', 'ignore_ament_install']
[0.222s] Level 1:colcon.colcon_core.package_identification:_identify(src) by extension 'ignore'
[0.222s] Level 1:colcon.colcon_core.package_identification:_identify(src) by extension 'ignore_ament_install'
[0.222s] Level 1:colcon.colcon_core.package_identification:_identify(src) by extensions ['colcon_pkg']
[0.222s] Level 1:colcon.colcon_core.package_identification:_identify(src) by extension 'colcon_pkg'
[0.222s] Level 1:colcon.colcon_core.package_identification:_identify(src) by extensions ['colcon_meta']
[0.222s] Level 1:colcon.colcon_core.package_identification:_identify(src) by extension 'colcon_meta'
[0.222s] Level 1:colcon.colcon_core.package_identification:_identify(src) by extensions ['ros']
[0.222s] Level 1:colcon.colcon_core.package_identification:_identify(src) by extension 'ros'
[0.223s] Level 1:colcon.colcon_core.package_identification:_identify(src) by extensions ['cmake', 'python']
[0.223s] Level 1:colcon.colcon_core.package_identification:_identify(src) by extension 'cmake'
[0.223s] Level 1:colcon.colcon_core.package_identification:_identify(src) by extension 'python'
[0.223s] Level 1:colcon.colcon_core.package_identification:_identify(src) by extensions ['python_setup_py']
[0.223s] Level 1:colcon.colcon_core.package_identification:_identify(src) by extension 'python_setup_py'
[0.223s] Level 1:colcon.colcon_core.package_identification:_identify(src/turtlesim_control) by extensions ['ignore', 'ignore_ament_install']
[0.223s] Level 1:colcon.colcon_core.package_identification:_identify(src/turtlesim_control) by extension 'ignore'
[0.223s] Level 1:colcon.colcon_core.package_identification:_identify(src/turtlesim_control) by extension 'ignore_ament_install'
[0.223s] Level 1:colcon.colcon_core.package_identification:_identify(src/turtlesim_control) by extensions ['colcon_pkg']
[0.223s] Level 1:colcon.colcon_core.package_identification:_identify(src/turtlesim_control) by extension 'colcon_pkg'
[0.224s] Level 1:colcon.colcon_core.package_identification:_identify(src/turtlesim_control) by extensions ['colcon_meta']
[0.224s] Level 1:colcon.colcon_core.package_identification:_identify(src/turtlesim_control) by extension 'colcon_meta'
[0.224s] Level 1:colcon.colcon_core.package_identification:_identify(src/turtlesim_control) by extensions ['ros']
[0.224s] Level 1:colcon.colcon_core.package_identification:_identify(src/turtlesim_control) by extension 'ros'
[0.227s] DEBUG:colcon.colcon_core.package_identification:Package 'src/turtlesim_control' with type 'ros.ament_cmake' and name 'turtlesim_control'
[0.227s] Level 1:colcon.colcon_core.package_identification:_identify(src/turtlesim_interfaces) by extensions ['ignore', 'ignore_ament_install']
[0.227s] Level 1:colcon.colcon_core.package_identification:_identify(src/turtlesim_interfaces) by extension 'ignore'
[0.227s] Level 1:colcon.colcon_core.package_identification:_identify(src/turtlesim_interfaces) by extension 'ignore_ament_install'
[0.227s] Level 1:colcon.colcon_core.package_identification:_identify(src/turtlesim_interfaces) by extensions ['colcon_pkg']
[0.227s] Level 1:colcon.colcon_core.package_identification:_identify(src/turtlesim_interfaces) by extension 'colcon_pkg'
[0.228s] Level 1:colcon.colcon_core.package_identification:_identify(src/turtlesim_interfaces) by extensions ['colcon_meta']
[0.228s] Level 1:colcon.colcon_core.package_identification:_identify(src/turtlesim_interfaces) by extension 'colcon_meta'
[0.228s] Level 1:colcon.colcon_core.package_identification:_identify(src/turtlesim_interfaces) by extensions ['ros']
[0.228s] Level 1:colcon.colcon_core.package_identification:_identify(src/turtlesim_interfaces) by extension 'ros'
[0.228s] DEBUG:colcon.colcon_core.package_identification:Package 'src/turtlesim_interfaces' with type 'ros.ament_cmake' and name 'turtlesim_interfaces'
[0.228s] Level 1:colcon.colcon_core.package_discovery:discover_packages(recursive) using defaults
[0.228s] Level 1:colcon.colcon_core.package_discovery:discover_packages(ignore) discover
[0.228s] Level 1:colcon.colcon_core.package_discovery:discover_packages(ignore) using defaults
[0.229s] Level 1:colcon.colcon_core.package_discovery:discover_packages(path) discover
[0.229s] Level 1:colcon.colcon_core.package_discovery:discover_packages(path) using defaults
[0.271s] Level 1:colcon.colcon_core.package_discovery:discover_packages(prefix_path) check parameters
[0.271s] Level 1:colcon.colcon_core.package_discovery:discover_packages(prefix_path) discover
[0.273s] DEBUG:colcon.colcon_installed_package_information.package_discovery:Found 1 installed packages in /home/siwakon/ROS2_Directory/portman_ws/install
[0.275s] DEBUG:colcon.colcon_installed_package_information.package_discovery:Found 256 installed packages in /opt/ros/foxy
[0.277s] Level 1:colcon.colcon_core.package_discovery:discover_packages(prefix_path) using defaults
[0.357s] Level 5:colcon.colcon_core.verb:set package 'turtlesim_control' build argument 'cmake_args' from command line to 'None'
[0.357s] Level 5:colcon.colcon_core.verb:set package 'turtlesim_control' build argument 'cmake_target' from command line to 'None'
[0.357s] Level 5:colcon.colcon_core.verb:set package 'turtlesim_control' build argument 'cmake_target_skip_unavailable' from command line to 'False'
[0.357s] Level 5:colcon.colcon_core.verb:set package 'turtlesim_control' build argument 'cmake_clean_cache' from command line to 'False'
[0.357s] Level 5:colcon.colcon_core.verb:set package 'turtlesim_control' build argument 'cmake_clean_first' from command line to 'False'
[0.357s] Level 5:colcon.colcon_core.verb:set package 'turtlesim_control' build argument 'cmake_force_configure' from command line to 'False'
[0.357s] Level 5:colcon.colcon_core.verb:set package 'turtlesim_control' build argument 'ament_cmake_args' from command line to 'None'
[0.357s] Level 5:colcon.colcon_core.verb:set package 'turtlesim_control' build argument 'catkin_cmake_args' from command line to 'None'
[0.357s] Level 5:colcon.colcon_core.verb:set package 'turtlesim_control' build argument 'catkin_skip_building_tests' from command line to 'False'
[0.357s] DEBUG:colcon.colcon_core.verb:Building package 'turtlesim_control' with the following arguments: {'ament_cmake_args': None, 'build_base': '/home/siwakon/ROS2_Directory/portman_ws/build/turtlesim_control', 'catkin_cmake_args': None, 'catkin_skip_building_tests': False, 'cmake_args': None, 'cmake_clean_cache': False, 'cmake_clean_first': False, 'cmake_force_configure': False, 'cmake_target': None, 'cmake_target_skip_unavailable': False, 'install_base': '/home/siwakon/ROS2_Directory/portman_ws/install/turtlesim_control', 'merge_install': False, 'path': '/home/siwakon/ROS2_Directory/portman_ws/src/turtlesim_control', 'symlink_install': True, 'test_result_base': None}
[0.358s] Level 5:colcon.colcon_core.verb:set package 'turtlesim_interfaces' build argument 'cmake_args' from command line to 'None'
[0.358s] Level 5:colcon.colcon_core.verb:set package 'turtlesim_interfaces' build argument 'cmake_target' from command line to 'None'
[0.358s] Level 5:colcon.colcon_core.verb:set package 'turtlesim_interfaces' build argument 'cmake_target_skip_unavailable' from command line to 'False'
[0.358s] Level 5:colcon.colcon_core.verb:set package 'turtlesim_interfaces' build argument 'cmake_clean_cache' from command line to 'False'
[0.358s] Level 5:colcon.colcon_core.verb:set package 'turtlesim_interfaces' build argument 'cmake_clean_first' from command line to 'False'
[0.358s] Level 5:colcon.colcon_core.verb:set package 'turtlesim_interfaces' build argument 'cmake_force_configure' from command line to 'False'
[0.358s] Level 5:colcon.colcon_core.verb:set package 'turtlesim_interfaces' build argument 'ament_cmake_args' from command line to 'None'
[0.358s] Level 5:colcon.colcon_core.verb:set package 'turtlesim_interfaces' build argument 'catkin_cmake_args' from command line to 'None'
[0.358s] Level 5:colcon.colcon_core.verb:set package 'turtlesim_interfaces' build argument 'catkin_skip_building_tests' from command line to 'False'
[0.358s] DEBUG:colcon.colcon_core.verb:Building package 'turtlesim_interfaces' with the following arguments: {'ament_cmake_args': None, 'build_base': '/home/siwakon/ROS2_Directory/portman_ws/build/turtlesim_interfaces', 'catkin_cmake_args': None, 'catkin_skip_building_tests': False, 'cmake_args': None, 'cmake_clean_cache': False, 'cmake_clean_first': False, 'cmake_force_configure': False, 'cmake_target': None, 'cmake_target_skip_unavailable': False, 'install_base': '/home/siwakon/ROS2_Directory/portman_ws/install/turtlesim_interfaces', 'merge_install': False, 'path': '/home/siwakon/ROS2_Directory/portman_ws/src/turtlesim_interfaces', 'symlink_install': True, 'test_result_base': None}
[0.358s] INFO:colcon.colcon_core.executor:Executing jobs using 'parallel' executor
[0.362s] DEBUG:colcon.colcon_parallel_executor.executor.parallel:run_until_complete
[0.362s] INFO:colcon.colcon_ros.task.ament_cmake.build:Building ROS package in '/home/siwakon/ROS2_Directory/portman_ws/src/turtlesim_control' with build type 'ament_cmake'
[0.362s] INFO:colcon.colcon_cmake.task.cmake.build:Building CMake package in '/home/siwakon/ROS2_Directory/portman_ws/src/turtlesim_control'
[0.367s] INFO:colcon.colcon_core.plugin_system:Skipping extension 'colcon_core.shell.bat': Not used on non-Windows systems
[0.367s] INFO:colcon.colcon_core.shell:Skip shell extension 'powershell' for command environment: Not usable outside of PowerShell
[0.367s] DEBUG:colcon.colcon_core.shell:Skip shell extension 'dsv' for command environment
[0.375s] INFO:colcon.colcon_ros.task.ament_cmake.build:Building ROS package in '/home/siwakon/ROS2_Directory/portman_ws/src/turtlesim_interfaces' with build type 'ament_cmake'
[0.376s] INFO:colcon.colcon_cmake.task.cmake.build:Building CMake package in '/home/siwakon/ROS2_Directory/portman_ws/src/turtlesim_interfaces'
[0.377s] INFO:colcon.colcon_core.shell:Skip shell extension 'powershell' for command environment: Not usable outside of PowerShell
[0.377s] DEBUG:colcon.colcon_core.shell:Skip shell extension 'dsv' for command environment
[0.400s] DEBUG:colcon.colcon_core.event_handler.log_command:Invoking command in '/home/siwakon/ROS2_Directory/portman_ws/build/turtlesim_control': CMAKE_PREFIX_PATH=${CMAKE_PREFIX_PATH}:/opt/ros/foxy /usr/bin/cmake --build /home/siwakon/ROS2_Directory/portman_ws/build/turtlesim_control -- -j12 -l12
[0.411s] DEBUG:colcon.colcon_core.event_handler.log_command:Invoking command in '/home/siwakon/ROS2_Directory/portman_ws/build/turtlesim_interfaces': CMAKE_PREFIX_PATH=${CMAKE_PREFIX_PATH}:/opt/ros/foxy /usr/bin/cmake /home/siwakon/ROS2_Directory/portman_ws/src/turtlesim_interfaces -DAMENT_CMAKE_SYMLINK_INSTALL=1 -DCMAKE_INSTALL_PREFIX=/home/siwakon/ROS2_Directory/portman_ws/install/turtlesim_interfaces
[0.468s] DEBUG:colcon.colcon_core.event_handler.log_command:Invoked command in '/home/siwakon/ROS2_Directory/portman_ws/build/turtlesim_control' returned '0': CMAKE_PREFIX_PATH=${CMAKE_PREFIX_PATH}:/opt/ros/foxy /usr/bin/cmake --build /home/siwakon/ROS2_Directory/portman_ws/build/turtlesim_control -- -j12 -l12
[0.526s] DEBUG:colcon.colcon_core.event_handler.log_command:Invoking command in '/home/siwakon/ROS2_Directory/portman_ws/build/turtlesim_control': CMAKE_PREFIX_PATH=${CMAKE_PREFIX_PATH}:/opt/ros/foxy /usr/bin/cmake --install /home/siwakon/ROS2_Directory/portman_ws/build/turtlesim_control
[0.636s] Level 1:colcon.colcon_core.environment:create_environment_scripts_only(turtlesim_control)
[0.637s] DEBUG:colcon.colcon_core.event_handler.log_command:Invoked command in '/home/siwakon/ROS2_Directory/portman_ws/build/turtlesim_control' returned '0': CMAKE_PREFIX_PATH=${CMAKE_PREFIX_PATH}:/opt/ros/foxy /usr/bin/cmake --install /home/siwakon/ROS2_Directory/portman_ws/build/turtlesim_control
[0.646s] Level 1:colcon.colcon_core.environment:checking '/home/siwakon/ROS2_Directory/portman_ws/install/turtlesim_control' for CMake module files
[0.647s] Level 1:colcon.colcon_core.environment:checking '/home/siwakon/ROS2_Directory/portman_ws/install/turtlesim_control' for CMake config files
[0.647s] Level 1:colcon.colcon_core.shell:create_environment_hook('turtlesim_control', 'cmake_prefix_path')
[0.648s] INFO:colcon.colcon_core.shell:Creating environment hook '/home/siwakon/ROS2_Directory/portman_ws/install/turtlesim_control/share/turtlesim_control/hook/cmake_prefix_path.ps1'
[0.649s] INFO:colcon.colcon_core.shell:Creating environment descriptor '/home/siwakon/ROS2_Directory/portman_ws/install/turtlesim_control/share/turtlesim_control/hook/cmake_prefix_path.dsv'
[0.650s] INFO:colcon.colcon_core.shell:Creating environment hook '/home/siwakon/ROS2_Directory/portman_ws/install/turtlesim_control/share/turtlesim_control/hook/cmake_prefix_path.sh'
[0.652s] Level 1:colcon.colcon_core.environment:checking '/home/siwakon/ROS2_Directory/portman_ws/install/turtlesim_control/lib'
[0.653s] Level 1:colcon.colcon_core.environment:checking '/home/siwakon/ROS2_Directory/portman_ws/install/turtlesim_control/bin'
[0.653s] Level 1:colcon.colcon_core.environment:checking '/home/siwakon/ROS2_Directory/portman_ws/install/turtlesim_control/lib/pkgconfig/turtlesim_control.pc'
[0.653s] Level 1:colcon.colcon_core.environment:checking '/home/siwakon/ROS2_Directory/portman_ws/install/turtlesim_control/lib/python3.8/site-packages'
[0.654s] Level 1:colcon.colcon_core.shell:create_environment_hook('turtlesim_control', 'pythonpath')
[0.654s] INFO:colcon.colcon_core.shell:Creating environment hook '/home/siwakon/ROS2_Directory/portman_ws/install/turtlesim_control/share/turtlesim_control/hook/pythonpath.ps1'
[0.655s] INFO:colcon.colcon_core.shell:Creating environment descriptor '/home/siwakon/ROS2_Directory/portman_ws/install/turtlesim_control/share/turtlesim_control/hook/pythonpath.dsv'
[0.656s] INFO:colcon.colcon_core.shell:Creating environment hook '/home/siwakon/ROS2_Directory/portman_ws/install/turtlesim_control/share/turtlesim_control/hook/pythonpath.sh'
[0.657s] Level 1:colcon.colcon_core.environment:checking '/home/siwakon/ROS2_Directory/portman_ws/install/turtlesim_control/bin'
[0.659s] INFO:colcon.colcon_core.shell:Creating package script '/home/siwakon/ROS2_Directory/portman_ws/install/turtlesim_control/share/turtlesim_control/package.ps1'
[0.660s] INFO:colcon.colcon_core.shell:Creating package descriptor '/home/siwakon/ROS2_Directory/portman_ws/install/turtlesim_control/share/turtlesim_control/package.dsv'
[0.661s] INFO:colcon.colcon_core.shell:Creating package script '/home/siwakon/ROS2_Directory/portman_ws/install/turtlesim_control/share/turtlesim_control/package.sh'
[0.663s] INFO:colcon.colcon_core.shell:Creating package script '/home/siwakon/ROS2_Directory/portman_ws/install/turtlesim_control/share/turtlesim_control/package.bash'
[0.664s] INFO:colcon.colcon_core.shell:Creating package script '/home/siwakon/ROS2_Directory/portman_ws/install/turtlesim_control/share/turtlesim_control/package.zsh'
[0.666s] Level 1:colcon.colcon_core.environment:create_file_with_runtime_dependencies(/home/siwakon/ROS2_Directory/portman_ws/install/turtlesim_control/share/colcon-core/packages/turtlesim_control)
[0.706s] Level 1:colcon.colcon_core.environment:create_environment_scripts_only(turtlesim_control)
[0.707s] Level 1:colcon.colcon_core.environment:checking '/home/siwakon/ROS2_Directory/portman_ws/install/turtlesim_control' for CMake module files
[0.708s] Level 1:colcon.colcon_core.environment:checking '/home/siwakon/ROS2_Directory/portman_ws/install/turtlesim_control' for CMake config files
[0.709s] Level 1:colcon.colcon_core.shell:create_environment_hook('turtlesim_control', 'cmake_prefix_path')
[0.710s] INFO:colcon.colcon_core.shell:Creating environment hook '/home/siwakon/ROS2_Directory/portman_ws/install/turtlesim_control/share/turtlesim_control/hook/cmake_prefix_path.ps1'
[0.711s] INFO:colcon.colcon_core.shell:Creating environment descriptor '/home/siwakon/ROS2_Directory/portman_ws/install/turtlesim_control/share/turtlesim_control/hook/cmake_prefix_path.dsv'
[0.711s] INFO:colcon.colcon_core.shell:Creating environment hook '/home/siwakon/ROS2_Directory/portman_ws/install/turtlesim_control/share/turtlesim_control/hook/cmake_prefix_path.sh'
[0.712s] Level 1:colcon.colcon_core.environment:checking '/home/siwakon/ROS2_Directory/portman_ws/install/turtlesim_control/lib'
[0.712s] Level 1:colcon.colcon_core.environment:checking '/home/siwakon/ROS2_Directory/portman_ws/install/turtlesim_control/bin'
[0.712s] Level 1:colcon.colcon_core.environment:checking '/home/siwakon/ROS2_Directory/portman_ws/install/turtlesim_control/lib/pkgconfig/turtlesim_control.pc'
[0.713s] Level 1:colcon.colcon_core.environment:checking '/home/siwakon/ROS2_Directory/portman_ws/install/turtlesim_control/lib/python3.8/site-packages'
[0.713s] Level 1:colcon.colcon_core.shell:create_environment_hook('turtlesim_control', 'pythonpath')
[0.714s] INFO:colcon.colcon_core.shell:Creating environment hook '/home/siwakon/ROS2_Directory/portman_ws/install/turtlesim_control/share/turtlesim_control/hook/pythonpath.ps1'
[0.715s] INFO:colcon.colcon_core.shell:Creating environment descriptor '/home/siwakon/ROS2_Directory/portman_ws/install/turtlesim_control/share/turtlesim_control/hook/pythonpath.dsv'
[0.716s] INFO:colcon.colcon_core.shell:Creating environment hook '/home/siwakon/ROS2_Directory/portman_ws/install/turtlesim_control/share/turtlesim_control/hook/pythonpath.sh'
[0.717s] Level 1:colcon.colcon_core.environment:checking '/home/siwakon/ROS2_Directory/portman_ws/install/turtlesim_control/bin'
[0.718s] INFO:colcon.colcon_core.shell:Creating package script '/home/siwakon/ROS2_Directory/portman_ws/install/turtlesim_control/share/turtlesim_control/package.ps1'
[0.719s] INFO:colcon.colcon_core.shell:Creating package descriptor '/home/siwakon/ROS2_Directory/portman_ws/install/turtlesim_control/share/turtlesim_control/package.dsv'
[0.719s] INFO:colcon.colcon_core.shell:Creating package script '/home/siwakon/ROS2_Directory/portman_ws/install/turtlesim_control/share/turtlesim_control/package.sh'
[0.720s] INFO:colcon.colcon_core.shell:Creating package script '/home/siwakon/ROS2_Directory/portman_ws/install/turtlesim_control/share/turtlesim_control/package.bash'
[0.720s] INFO:colcon.colcon_core.shell:Creating package script '/home/siwakon/ROS2_Directory/portman_ws/install/turtlesim_control/share/turtlesim_control/package.zsh'
[0.721s] Level 1:colcon.colcon_core.environment:create_file_with_runtime_dependencies(/home/siwakon/ROS2_Directory/portman_ws/install/turtlesim_control/share/colcon-core/packages/turtlesim_control)
[3.280s] DEBUG:colcon.colcon_core.event_handler.log_command:Invoked command in '/home/siwakon/ROS2_Directory/portman_ws/build/turtlesim_interfaces' returned '0': CMAKE_PREFIX_PATH=${CMAKE_PREFIX_PATH}:/opt/ros/foxy /usr/bin/cmake /home/siwakon/ROS2_Directory/portman_ws/src/turtlesim_interfaces -DAMENT_CMAKE_SYMLINK_INSTALL=1 -DCMAKE_INSTALL_PREFIX=/home/siwakon/ROS2_Directory/portman_ws/install/turtlesim_interfaces
[3.282s] DEBUG:colcon.colcon_core.event_handler.log_command:Invoking command in '/home/siwakon/ROS2_Directory/portman_ws/build/turtlesim_interfaces': CMAKE_PREFIX_PATH=${CMAKE_PREFIX_PATH}:/opt/ros/foxy /usr/bin/cmake --build /home/siwakon/ROS2_Directory/portman_ws/build/turtlesim_interfaces -- -j12 -l12
[6.866s] DEBUG:colcon.colcon_core.event_handler.log_command:Invoked command in '/home/siwakon/ROS2_Directory/portman_ws/build/turtlesim_interfaces' returned '0': CMAKE_PREFIX_PATH=${CMAKE_PREFIX_PATH}:/opt/ros/foxy /usr/bin/cmake --build /home/siwakon/ROS2_Directory/portman_ws/build/turtlesim_interfaces -- -j12 -l12
[6.932s] DEBUG:colcon.colcon_core.event_handler.log_command:Invoking command in '/home/siwakon/ROS2_Directory/portman_ws/build/turtlesim_interfaces': CMAKE_PREFIX_PATH=${CMAKE_PREFIX_PATH}:/opt/ros/foxy /usr/bin/cmake --install /home/siwakon/ROS2_Directory/portman_ws/build/turtlesim_interfaces
[7.719s] Level 1:colcon.colcon_core.environment:create_environment_scripts_only(turtlesim_interfaces)
[7.721s] Level 1:colcon.colcon_core.environment:checking '/home/siwakon/ROS2_Directory/portman_ws/install/turtlesim_interfaces' for CMake module files
[7.722s] DEBUG:colcon.colcon_core.event_handler.log_command:Invoked command in '/home/siwakon/ROS2_Directory/portman_ws/build/turtlesim_interfaces' returned '0': CMAKE_PREFIX_PATH=${CMAKE_PREFIX_PATH}:/opt/ros/foxy /usr/bin/cmake --install /home/siwakon/ROS2_Directory/portman_ws/build/turtlesim_interfaces
[7.723s] Level 1:colcon.colcon_core.environment:checking '/home/siwakon/ROS2_Directory/portman_ws/install/turtlesim_interfaces' for CMake config files
[7.723s] Level 1:colcon.colcon_core.shell:create_environment_hook('turtlesim_interfaces', 'cmake_prefix_path')
[7.724s] INFO:colcon.colcon_core.shell:Creating environment hook '/home/siwakon/ROS2_Directory/portman_ws/install/turtlesim_interfaces/share/turtlesim_interfaces/hook/cmake_prefix_path.ps1'
[7.725s] INFO:colcon.colcon_core.shell:Creating environment descriptor '/home/siwakon/ROS2_Directory/portman_ws/install/turtlesim_interfaces/share/turtlesim_interfaces/hook/cmake_prefix_path.dsv'
[7.726s] INFO:colcon.colcon_core.shell:Creating environment hook '/home/siwakon/ROS2_Directory/portman_ws/install/turtlesim_interfaces/share/turtlesim_interfaces/hook/cmake_prefix_path.sh'
[7.727s] Level 1:colcon.colcon_core.environment:checking '/home/siwakon/ROS2_Directory/portman_ws/install/turtlesim_interfaces/lib'
[7.727s] Level 1:colcon.colcon_core.shell:create_environment_hook('turtlesim_interfaces', 'ld_library_path_lib')
[7.728s] INFO:colcon.colcon_core.shell:Creating environment hook '/home/siwakon/ROS2_Directory/portman_ws/install/turtlesim_interfaces/share/turtlesim_interfaces/hook/ld_library_path_lib.ps1'
[7.728s] INFO:colcon.colcon_core.shell:Creating environment descriptor '/home/siwakon/ROS2_Directory/portman_ws/install/turtlesim_interfaces/share/turtlesim_interfaces/hook/ld_library_path_lib.dsv'
[7.728s] INFO:colcon.colcon_core.shell:Creating environment hook '/home/siwakon/ROS2_Directory/portman_ws/install/turtlesim_interfaces/share/turtlesim_interfaces/hook/ld_library_path_lib.sh'
[7.729s] Level 1:colcon.colcon_core.environment:checking '/home/siwakon/ROS2_Directory/portman_ws/install/turtlesim_interfaces/bin'
[7.729s] Level 1:colcon.colcon_core.environment:checking '/home/siwakon/ROS2_Directory/portman_ws/install/turtlesim_interfaces/lib/pkgconfig/turtlesim_interfaces.pc'
[7.730s] Level 1:colcon.colcon_core.environment:checking '/home/siwakon/ROS2_Directory/portman_ws/install/turtlesim_interfaces/lib/python3.8/site-packages'
[7.730s] Level 1:colcon.colcon_core.shell:create_environment_hook('turtlesim_interfaces', 'pythonpath')
[7.730s] INFO:colcon.colcon_core.shell:Creating environment hook '/home/siwakon/ROS2_Directory/portman_ws/install/turtlesim_interfaces/share/turtlesim_interfaces/hook/pythonpath.ps1'
[7.731s] INFO:colcon.colcon_core.shell:Creating environment descriptor '/home/siwakon/ROS2_Directory/portman_ws/install/turtlesim_interfaces/share/turtlesim_interfaces/hook/pythonpath.dsv'
[7.731s] INFO:colcon.colcon_core.shell:Creating environment hook '/home/siwakon/ROS2_Directory/portman_ws/install/turtlesim_interfaces/share/turtlesim_interfaces/hook/pythonpath.sh'
[7.732s] Level 1:colcon.colcon_core.environment:checking '/home/siwakon/ROS2_Directory/portman_ws/install/turtlesim_interfaces/bin'
[7.733s] INFO:colcon.colcon_core.shell:Creating package script '/home/siwakon/ROS2_Directory/portman_ws/install/turtlesim_interfaces/share/turtlesim_interfaces/package.ps1'
[7.734s] INFO:colcon.colcon_core.shell:Creating package descriptor '/home/siwakon/ROS2_Directory/portman_ws/install/turtlesim_interfaces/share/turtlesim_interfaces/package.dsv'
[7.735s] INFO:colcon.colcon_core.shell:Creating package script '/home/siwakon/ROS2_Directory/portman_ws/install/turtlesim_interfaces/share/turtlesim_interfaces/package.sh'
[7.736s] INFO:colcon.colcon_core.shell:Creating package script '/home/siwakon/ROS2_Directory/portman_ws/install/turtlesim_interfaces/share/turtlesim_interfaces/package.bash'
[7.736s] INFO:colcon.colcon_core.shell:Creating package script '/home/siwakon/ROS2_Directory/portman_ws/install/turtlesim_interfaces/share/turtlesim_interfaces/package.zsh'
[7.736s] Level 1:colcon.colcon_core.environment:create_file_with_runtime_dependencies(/home/siwakon/ROS2_Directory/portman_ws/install/turtlesim_interfaces/share/colcon-core/packages/turtlesim_interfaces)
[7.797s] Level 1:colcon.colcon_core.environment:create_environment_scripts_only(turtlesim_interfaces)
[7.799s] Level 1:colcon.colcon_core.environment:checking '/home/siwakon/ROS2_Directory/portman_ws/install/turtlesim_interfaces' for CMake module files
[7.800s] Level 1:colcon.colcon_core.environment:checking '/home/siwakon/ROS2_Directory/portman_ws/install/turtlesim_interfaces' for CMake config files
[7.800s] Level 1:colcon.colcon_core.shell:create_environment_hook('turtlesim_interfaces', 'cmake_prefix_path')
[7.801s] INFO:colcon.colcon_core.shell:Creating environment hook '/home/siwakon/ROS2_Directory/portman_ws/install/turtlesim_interfaces/share/turtlesim_interfaces/hook/cmake_prefix_path.ps1'
[7.802s] INFO:colcon.colcon_core.shell:Creating environment descriptor '/home/siwakon/ROS2_Directory/portman_ws/install/turtlesim_interfaces/share/turtlesim_interfaces/hook/cmake_prefix_path.dsv'
[7.803s] INFO:colcon.colcon_core.shell:Creating environment hook '/home/siwakon/ROS2_Directory/portman_ws/install/turtlesim_interfaces/share/turtlesim_interfaces/hook/cmake_prefix_path.sh'
[7.803s] Level 1:colcon.colcon_core.environment:checking '/home/siwakon/ROS2_Directory/portman_ws/install/turtlesim_interfaces/lib'
[7.804s] Level 1:colcon.colcon_core.shell:create_environment_hook('turtlesim_interfaces', 'ld_library_path_lib')
[7.804s] INFO:colcon.colcon_core.shell:Creating environment hook '/home/siwakon/ROS2_Directory/portman_ws/install/turtlesim_interfaces/share/turtlesim_interfaces/hook/ld_library_path_lib.ps1'
[7.805s] INFO:colcon.colcon_core.shell:Creating environment descriptor '/home/siwakon/ROS2_Directory/portman_ws/install/turtlesim_interfaces/share/turtlesim_interfaces/hook/ld_library_path_lib.dsv'
[7.806s] INFO:colcon.colcon_core.shell:Creating environment hook '/home/siwakon/ROS2_Directory/portman_ws/install/turtlesim_interfaces/share/turtlesim_interfaces/hook/ld_library_path_lib.sh'
[7.806s] Level 1:colcon.colcon_core.environment:checking '/home/siwakon/ROS2_Directory/portman_ws/install/turtlesim_interfaces/bin'
[7.806s] Level 1:colcon.colcon_core.environment:checking '/home/siwakon/ROS2_Directory/portman_ws/install/turtlesim_interfaces/lib/pkgconfig/turtlesim_interfaces.pc'
[7.806s] Level 1:colcon.colcon_core.environment:checking '/home/siwakon/ROS2_Directory/portman_ws/install/turtlesim_interfaces/lib/python3.8/site-packages'
[7.806s] Level 1:colcon.colcon_core.shell:create_environment_hook('turtlesim_interfaces', 'pythonpath')
[7.807s] INFO:colcon.colcon_core.shell:Creating environment hook '/home/siwakon/ROS2_Directory/portman_ws/install/turtlesim_interfaces/share/turtlesim_interfaces/hook/pythonpath.ps1'
[7.807s] INFO:colcon.colcon_core.shell:Creating environment descriptor '/home/siwakon/ROS2_Directory/portman_ws/install/turtlesim_interfaces/share/turtlesim_interfaces/hook/pythonpath.dsv'
[7.808s] INFO:colcon.colcon_core.shell:Creating environment hook '/home/siwakon/ROS2_Directory/portman_ws/install/turtlesim_interfaces/share/turtlesim_interfaces/hook/pythonpath.sh'
[7.808s] Level 1:colcon.colcon_core.environment:checking '/home/siwakon/ROS2_Directory/portman_ws/install/turtlesim_interfaces/bin'
[7.809s] INFO:colcon.colcon_core.shell:Creating package script '/home/siwakon/ROS2_Directory/portman_ws/install/turtlesim_interfaces/share/turtlesim_interfaces/package.ps1'
[7.810s] INFO:colcon.colcon_core.shell:Creating package descriptor '/home/siwakon/ROS2_Directory/portman_ws/install/turtlesim_interfaces/share/turtlesim_interfaces/package.dsv'
[7.811s] INFO:colcon.colcon_core.shell:Creating package script '/home/siwakon/ROS2_Directory/portman_ws/install/turtlesim_interfaces/share/turtlesim_interfaces/package.sh'
[7.812s] INFO:colcon.colcon_core.shell:Creating package script '/home/siwakon/ROS2_Directory/portman_ws/install/turtlesim_interfaces/share/turtlesim_interfaces/package.bash'
[7.812s] INFO:colcon.colcon_core.shell:Creating package script '/home/siwakon/ROS2_Directory/portman_ws/install/turtlesim_interfaces/share/turtlesim_interfaces/package.zsh'
[7.813s] Level 1:colcon.colcon_core.environment:create_file_with_runtime_dependencies(/home/siwakon/ROS2_Directory/portman_ws/install/turtlesim_interfaces/share/colcon-core/packages/turtlesim_interfaces)
[7.813s] DEBUG:colcon.colcon_parallel_executor.executor.parallel:closing loop
[7.813s] DEBUG:colcon.colcon_parallel_executor.executor.parallel:loop closed
[7.813s] DEBUG:colcon.colcon_parallel_executor.executor.parallel:run_until_complete finished with '0'
[7.814s] DEBUG:colcon.colcon_core.event_reactor:joining thread
[7.826s] INFO:colcon.colcon_core.plugin_system:Skipping extension 'colcon_notification.desktop_notification.terminal_notifier': Not used on non-Darwin systems
[7.827s] INFO:colcon.colcon_core.plugin_system:Skipping extension 'colcon_notification.desktop_notification.win32': Not used on non-Windows systems
[7.827s] INFO:colcon.colcon_notification.desktop_notification:Sending desktop notification using 'notify2'
[7.852s] DEBUG:colcon.colcon_core.event_reactor:joined thread
[7.853s] INFO:colcon.colcon_core.shell:Creating prefix script '/home/siwakon/ROS2_Directory/portman_ws/install/local_setup.ps1'
[7.855s] INFO:colcon.colcon_core.shell:Creating prefix util module '/home/siwakon/ROS2_Directory/portman_ws/install/_local_setup_util_ps1.py'
[7.858s] INFO:colcon.colcon_core.shell:Creating prefix chain script '/home/siwakon/ROS2_Directory/portman_ws/install/setup.ps1'
[7.860s] INFO:colcon.colcon_core.shell:Creating prefix script '/home/siwakon/ROS2_Directory/portman_ws/install/local_setup.sh'
[7.862s] INFO:colcon.colcon_core.shell:Creating prefix util module '/home/siwakon/ROS2_Directory/portman_ws/install/_local_setup_util_sh.py'
[7.862s] INFO:colcon.colcon_core.shell:Creating prefix chain script '/home/siwakon/ROS2_Directory/portman_ws/install/setup.sh'
[7.863s] INFO:colcon.colcon_core.shell:Creating prefix script '/home/siwakon/ROS2_Directory/portman_ws/install/local_setup.bash'
[7.864s] INFO:colcon.colcon_core.shell:Creating prefix chain script '/home/siwakon/ROS2_Directory/portman_ws/install/setup.bash'
[7.865s] INFO:colcon.colcon_core.shell:Creating prefix script '/home/siwakon/ROS2_Directory/portman_ws/install/local_setup.zsh'
[7.866s] INFO:colcon.colcon_core.shell:Creating prefix chain script '/home/siwakon/ROS2_Directory/portman_ws/install/setup.zsh'
