[0.224s] DEBUG:colcon:Command line arguments: ['/usr/bin/colcon', 'build', '--symlink-install']
[0.225s] DEBUG:colcon:Parsed command line arguments: Namespace(allow_overriding=[], ament_cmake_args=None, base_paths=['.'], build_base='build', catkin_cmake_args=None, catkin_skip_building_tests=False, cmake_args=None, cmake_clean_cache=False, cmake_clean_first=False, cmake_force_configure=False, cmake_target=None, cmake_target_skip_unavailable=False, continue_on_error=False, event_handlers=None, executor='parallel', ignore_user_meta=False, install_base='install', log_base=None, log_level=None, main=<bound method BuildVerb.main of <colcon_core.verb.build.BuildVerb object at 0x7f7b306dd670>>, merge_install=False, metas=['./colcon.meta'], packages_above=None, packages_above_and_dependencies=None, packages_above_depth=None, packages_end=None, packages_ignore=None, packages_ignore_regex=None, packages_select=None, packages_select_build_failed=False, packages_select_by_dep=None, packages_select_regex=None, packages_select_test_failures=False, packages_skip=None, packages_skip_build_finished=False, packages_skip_by_dep=None, packages_skip_regex=None, packages_skip_test_passed=False, packages_skip_up_to=None, packages_start=None, packages_up_to=None, packages_up_to_regex=None, parallel_workers=12, paths=None, symlink_install=True, test_result_base=None, verb_extension=<colcon_core.verb.build.BuildVerb object at 0x7f7b306dd670>, verb_name='build', verb_parser=<colcon_defaults.argument_parser.defaults.DefaultArgumentsDecorator object at 0x7f7b306ddbb0>)
[0.274s] Level 1:colcon.colcon_core.package_discovery:discover_packages(colcon_meta) check parameters
[0.275s] Level 1:colcon.colcon_core.package_discovery:discover_packages(recursive) check parameters
[0.275s] Level 1:colcon.colcon_core.package_discovery:discover_packages(ignore) check parameters
[0.275s] Level 1:colcon.colcon_core.package_discovery:discover_packages(path) check parameters
[0.275s] Level 1:colcon.colcon_core.package_discovery:discover_packages(colcon_meta) discover
[0.275s] Level 1:colcon.colcon_core.package_discovery:discover_packages(recursive) discover
[0.275s] INFO:colcon.colcon_core.package_discovery:Crawling recursively for packages in '/home/siwakon/ROS2_Directory/portman_ws'
[0.275s] Level 1:colcon.colcon_core.package_identification:_identify(.) by extensions ['ignore', 'ignore_ament_install']
[0.275s] Level 1:colcon.colcon_core.package_identification:_identify(.) by extension 'ignore'
[0.275s] Level 1:colcon.colcon_core.package_identification:_identify(.) by extension 'ignore_ament_install'
[0.275s] Level 1:colcon.colcon_core.package_identification:_identify(.) by extensions ['colcon_pkg']
[0.275s] Level 1:colcon.colcon_core.package_identification:_identify(.) by extension 'colcon_pkg'
[0.276s] Level 1:colcon.colcon_core.package_identification:_identify(.) by extensions ['colcon_meta']
[0.276s] Level 1:colcon.colcon_core.package_identification:_identify(.) by extension 'colcon_meta'
[0.276s] Level 1:colcon.colcon_core.package_identification:_identify(.) by extensions ['ros']
[0.276s] Level 1:colcon.colcon_core.package_identification:_identify(.) by extension 'ros'
[0.306s] Level 1:colcon.colcon_core.package_identification:_identify(.) by extensions ['cmake', 'python']
[0.306s] Level 1:colcon.colcon_core.package_identification:_identify(.) by extension 'cmake'
[0.306s] Level 1:colcon.colcon_core.package_identification:_identify(.) by extension 'python'
[0.306s] Level 1:colcon.colcon_core.package_identification:_identify(.) by extensions ['python_setup_py']
[0.306s] Level 1:colcon.colcon_core.package_identification:_identify(.) by extension 'python_setup_py'
[0.306s] Level 1:colcon.colcon_core.package_identification:_identify(build) by extensions ['ignore', 'ignore_ament_install']
[0.307s] Level 1:colcon.colcon_core.package_identification:_identify(build) by extension 'ignore'
[0.307s] Level 1:colcon.colcon_core.package_identification:_identify(build) ignored
[0.307s] Level 1:colcon.colcon_core.package_identification:_identify(install) by extensions ['ignore', 'ignore_ament_install']
[0.307s] Level 1:colcon.colcon_core.package_identification:_identify(install) by extension 'ignore'
[0.307s] Level 1:colcon.colcon_core.package_identification:_identify(install) ignored
[0.307s] Level 1:colcon.colcon_core.package_identification:_identify(log) by extensions ['ignore', 'ignore_ament_install']
[0.307s] Level 1:colcon.colcon_core.package_identification:_identify(log) by extension 'ignore'
[0.307s] Level 1:colcon.colcon_core.package_identification:_identify(log) ignored
[0.307s] Level 1:colcon.colcon_core.package_identification:_identify(src) by extensions ['ignore', 'ignore_ament_install']
[0.307s] Level 1:colcon.colcon_core.package_identification:_identify(src) by extension 'ignore'
[0.308s] Level 1:colcon.colcon_core.package_identification:_identify(src) by extension 'ignore_ament_install'
[0.308s] Level 1:colcon.colcon_core.package_identification:_identify(src) by extensions ['colcon_pkg']
[0.308s] Level 1:colcon.colcon_core.package_identification:_identify(src) by extension 'colcon_pkg'
[0.308s] Level 1:colcon.colcon_core.package_identification:_identify(src) by extensions ['colcon_meta']
[0.308s] Level 1:colcon.colcon_core.package_identification:_identify(src) by extension 'colcon_meta'
[0.308s] Level 1:colcon.colcon_core.package_identification:_identify(src) by extensions ['ros']
[0.308s] Level 1:colcon.colcon_core.package_identification:_identify(src) by extension 'ros'
[0.308s] Level 1:colcon.colcon_core.package_identification:_identify(src) by extensions ['cmake', 'python']
[0.308s] Level 1:colcon.colcon_core.package_identification:_identify(src) by extension 'cmake'
[0.308s] Level 1:colcon.colcon_core.package_identification:_identify(src) by extension 'python'
[0.308s] Level 1:colcon.colcon_core.package_identification:_identify(src) by extensions ['python_setup_py']
[0.308s] Level 1:colcon.colcon_core.package_identification:_identify(src) by extension 'python_setup_py'
[0.308s] Level 1:colcon.colcon_core.package_identification:_identify(src/turtlesim_control) by extensions ['ignore', 'ignore_ament_install']
[0.308s] Level 1:colcon.colcon_core.package_identification:_identify(src/turtlesim_control) by extension 'ignore'
[0.308s] Level 1:colcon.colcon_core.package_identification:_identify(src/turtlesim_control) by extension 'ignore_ament_install'
[0.308s] Level 1:colcon.colcon_core.package_identification:_identify(src/turtlesim_control) by extensions ['colcon_pkg']
[0.309s] Level 1:colcon.colcon_core.package_identification:_identify(src/turtlesim_control) by extension 'colcon_pkg'
[0.309s] Level 1:colcon.colcon_core.package_identification:_identify(src/turtlesim_control) by extensions ['colcon_meta']
[0.309s] Level 1:colcon.colcon_core.package_identification:_identify(src/turtlesim_control) by extension 'colcon_meta'
[0.309s] Level 1:colcon.colcon_core.package_identification:_identify(src/turtlesim_control) by extensions ['ros']
[0.309s] Level 1:colcon.colcon_core.package_identification:_identify(src/turtlesim_control) by extension 'ros'
[0.313s] DEBUG:colcon.colcon_core.package_identification:Package 'src/turtlesim_control' with type 'ros.ament_cmake' and name 'turtlesim_control'
[0.313s] Level 1:colcon.colcon_core.package_discovery:discover_packages(recursive) using defaults
[0.313s] Level 1:colcon.colcon_core.package_discovery:discover_packages(ignore) discover
[0.313s] Level 1:colcon.colcon_core.package_discovery:discover_packages(ignore) using defaults
[0.313s] Level 1:colcon.colcon_core.package_discovery:discover_packages(path) discover
[0.313s] Level 1:colcon.colcon_core.package_discovery:discover_packages(path) using defaults
[0.378s] Level 1:colcon.colcon_core.package_discovery:discover_packages(prefix_path) check parameters
[0.378s] Level 1:colcon.colcon_core.package_discovery:discover_packages(prefix_path) discover
[0.381s] WARNING:colcon.colcon_ros.prefix_path.ament:The path '/home/siwakon/ROS2_Directory/portman_ws/install/turtesim_contral' in the environment variable AMENT_PREFIX_PATH doesn't exist
[0.383s] DEBUG:colcon.colcon_installed_package_information.package_discovery:Found 0 installed packages in /home/siwakon/ROS2_Directory/portman_ws/install
[0.385s] DEBUG:colcon.colcon_installed_package_information.package_discovery:Found 256 installed packages in /opt/ros/foxy
[0.387s] Level 1:colcon.colcon_core.package_discovery:discover_packages(prefix_path) using defaults
[0.491s] Level 5:colcon.colcon_core.verb:set package 'turtlesim_control' build argument 'cmake_args' from command line to 'None'
[0.491s] Level 5:colcon.colcon_core.verb:set package 'turtlesim_control' build argument 'cmake_target' from command line to 'None'
[0.491s] Level 5:colcon.colcon_core.verb:set package 'turtlesim_control' build argument 'cmake_target_skip_unavailable' from command line to 'False'
[0.491s] Level 5:colcon.colcon_core.verb:set package 'turtlesim_control' build argument 'cmake_clean_cache' from command line to 'False'
[0.491s] Level 5:colcon.colcon_core.verb:set package 'turtlesim_control' build argument 'cmake_clean_first' from command line to 'False'
[0.491s] Level 5:colcon.colcon_core.verb:set package 'turtlesim_control' build argument 'cmake_force_configure' from command line to 'False'
[0.491s] Level 5:colcon.colcon_core.verb:set package 'turtlesim_control' build argument 'ament_cmake_args' from command line to 'None'
[0.491s] Level 5:colcon.colcon_core.verb:set package 'turtlesim_control' build argument 'catkin_cmake_args' from command line to 'None'
[0.491s] Level 5:colcon.colcon_core.verb:set package 'turtlesim_control' build argument 'catkin_skip_building_tests' from command line to 'False'
[0.491s] DEBUG:colcon.colcon_core.verb:Building package 'turtlesim_control' with the following arguments: {'ament_cmake_args': None, 'build_base': '/home/siwakon/ROS2_Directory/portman_ws/build/turtlesim_control', 'catkin_cmake_args': None, 'catkin_skip_building_tests': False, 'cmake_args': None, 'cmake_clean_cache': False, 'cmake_clean_first': False, 'cmake_force_configure': False, 'cmake_target': None, 'cmake_target_skip_unavailable': False, 'install_base': '/home/siwakon/ROS2_Directory/portman_ws/install/turtlesim_control', 'merge_install': False, 'path': '/home/siwakon/ROS2_Directory/portman_ws/src/turtlesim_control', 'symlink_install': True, 'test_result_base': None}
[0.492s] INFO:colcon.colcon_core.executor:Executing jobs using 'parallel' executor
[0.494s] DEBUG:colcon.colcon_parallel_executor.executor.parallel:run_until_complete
[0.495s] INFO:colcon.colcon_ros.task.ament_cmake.build:Building ROS package in '/home/siwakon/ROS2_Directory/portman_ws/src/turtlesim_control' with build type 'ament_cmake'
[0.495s] INFO:colcon.colcon_cmake.task.cmake.build:Building CMake package in '/home/siwakon/ROS2_Directory/portman_ws/src/turtlesim_control'
[0.503s] INFO:colcon.colcon_core.plugin_system:Skipping extension 'colcon_core.shell.bat': Not used on non-Windows systems
[0.504s] INFO:colcon.colcon_core.shell:Skip shell extension 'powershell' for command environment: Not usable outside of PowerShell
[0.504s] DEBUG:colcon.colcon_core.shell:Skip shell extension 'dsv' for command environment
[0.518s] DEBUG:colcon.colcon_core.event_handler.log_command:Invoking command in '/home/siwakon/ROS2_Directory/portman_ws/build/turtlesim_control': CMAKE_PREFIX_PATH=/home/siwakon/ROS2_Directory/portman_ws/install/turtesim_contral:/opt/ros/foxy /usr/bin/cmake /home/siwakon/ROS2_Directory/portman_ws/src/turtlesim_control -DAMENT_CMAKE_SYMLINK_INSTALL=1 -DCMAKE_INSTALL_PREFIX=/home/siwakon/ROS2_Directory/portman_ws/install/turtlesim_control
[1.903s] DEBUG:colcon.colcon_core.event_handler.log_command:Invoked command in '/home/siwakon/ROS2_Directory/portman_ws/build/turtlesim_control' returned '0': CMAKE_PREFIX_PATH=/home/siwakon/ROS2_Directory/portman_ws/install/turtesim_contral:/opt/ros/foxy /usr/bin/cmake /home/siwakon/ROS2_Directory/portman_ws/src/turtlesim_control -DAMENT_CMAKE_SYMLINK_INSTALL=1 -DCMAKE_INSTALL_PREFIX=/home/siwakon/ROS2_Directory/portman_ws/install/turtlesim_control
[1.910s] DEBUG:colcon.colcon_core.event_handler.log_command:Invoking command in '/home/siwakon/ROS2_Directory/portman_ws/build/turtlesim_control': CMAKE_PREFIX_PATH=/home/siwakon/ROS2_Directory/portman_ws/install/turtesim_contral:/opt/ros/foxy /usr/bin/cmake --build /home/siwakon/ROS2_Directory/portman_ws/build/turtlesim_control -- -j12 -l12
[1.974s] DEBUG:colcon.colcon_core.event_handler.log_command:Invoked command in '/home/siwakon/ROS2_Directory/portman_ws/build/turtlesim_control' returned '0': CMAKE_PREFIX_PATH=/home/siwakon/ROS2_Directory/portman_ws/install/turtesim_contral:/opt/ros/foxy /usr/bin/cmake --build /home/siwakon/ROS2_Directory/portman_ws/build/turtlesim_control -- -j12 -l12
[2.040s] DEBUG:colcon.colcon_core.event_handler.log_command:Invoking command in '/home/siwakon/ROS2_Directory/portman_ws/build/turtlesim_control': CMAKE_PREFIX_PATH=/home/siwakon/ROS2_Directory/portman_ws/install/turtesim_contral:/opt/ros/foxy /usr/bin/cmake --install /home/siwakon/ROS2_Directory/portman_ws/build/turtlesim_control
[2.369s] Level 1:colcon.colcon_core.environment:create_environment_scripts_only(turtlesim_control)
[2.371s] DEBUG:colcon.colcon_core.event_handler.log_command:Invoked command in '/home/siwakon/ROS2_Directory/portman_ws/build/turtlesim_control' returned '0': CMAKE_PREFIX_PATH=/home/siwakon/ROS2_Directory/portman_ws/install/turtesim_contral:/opt/ros/foxy /usr/bin/cmake --install /home/siwakon/ROS2_Directory/portman_ws/build/turtlesim_control
[2.379s] Level 1:colcon.colcon_core.environment:checking '/home/siwakon/ROS2_Directory/portman_ws/install/turtlesim_control' for CMake module files
[2.380s] Level 1:colcon.colcon_core.environment:checking '/home/siwakon/ROS2_Directory/portman_ws/install/turtlesim_control' for CMake config files
[2.380s] Level 1:colcon.colcon_core.shell:create_environment_hook('turtlesim_control', 'cmake_prefix_path')
[2.381s] INFO:colcon.colcon_core.shell:Creating environment hook '/home/siwakon/ROS2_Directory/portman_ws/install/turtlesim_control/share/turtlesim_control/hook/cmake_prefix_path.ps1'
[2.382s] INFO:colcon.colcon_core.shell:Creating environment descriptor '/home/siwakon/ROS2_Directory/portman_ws/install/turtlesim_control/share/turtlesim_control/hook/cmake_prefix_path.dsv'
[2.382s] INFO:colcon.colcon_core.shell:Creating environment hook '/home/siwakon/ROS2_Directory/portman_ws/install/turtlesim_control/share/turtlesim_control/hook/cmake_prefix_path.sh'
[2.384s] Level 1:colcon.colcon_core.environment:checking '/home/siwakon/ROS2_Directory/portman_ws/install/turtlesim_control/lib'
[2.384s] Level 1:colcon.colcon_core.environment:checking '/home/siwakon/ROS2_Directory/portman_ws/install/turtlesim_control/bin'
[2.384s] Level 1:colcon.colcon_core.environment:checking '/home/siwakon/ROS2_Directory/portman_ws/install/turtlesim_control/lib/pkgconfig/turtlesim_control.pc'
[2.384s] Level 1:colcon.colcon_core.environment:checking '/home/siwakon/ROS2_Directory/portman_ws/install/turtlesim_control/lib/python3.8/site-packages'
[2.384s] Level 1:colcon.colcon_core.shell:create_environment_hook('turtlesim_control', 'pythonpath')
[2.385s] INFO:colcon.colcon_core.shell:Creating environment hook '/home/siwakon/ROS2_Directory/portman_ws/install/turtlesim_control/share/turtlesim_control/hook/pythonpath.ps1'
[2.385s] INFO:colcon.colcon_core.shell:Creating environment descriptor '/home/siwakon/ROS2_Directory/portman_ws/install/turtlesim_control/share/turtlesim_control/hook/pythonpath.dsv'
[2.385s] INFO:colcon.colcon_core.shell:Creating environment hook '/home/siwakon/ROS2_Directory/portman_ws/install/turtlesim_control/share/turtlesim_control/hook/pythonpath.sh'
[2.386s] Level 1:colcon.colcon_core.environment:checking '/home/siwakon/ROS2_Directory/portman_ws/install/turtlesim_control/bin'
[2.387s] INFO:colcon.colcon_core.shell:Creating package script '/home/siwakon/ROS2_Directory/portman_ws/install/turtlesim_control/share/turtlesim_control/package.ps1'
[2.388s] INFO:colcon.colcon_core.shell:Creating package descriptor '/home/siwakon/ROS2_Directory/portman_ws/install/turtlesim_control/share/turtlesim_control/package.dsv'
[2.389s] INFO:colcon.colcon_core.shell:Creating package script '/home/siwakon/ROS2_Directory/portman_ws/install/turtlesim_control/share/turtlesim_control/package.sh'
[2.390s] INFO:colcon.colcon_core.shell:Creating package script '/home/siwakon/ROS2_Directory/portman_ws/install/turtlesim_control/share/turtlesim_control/package.bash'
[2.391s] INFO:colcon.colcon_core.shell:Creating package script '/home/siwakon/ROS2_Directory/portman_ws/install/turtlesim_control/share/turtlesim_control/package.zsh'
[2.392s] Level 1:colcon.colcon_core.environment:create_file_with_runtime_dependencies(/home/siwakon/ROS2_Directory/portman_ws/install/turtlesim_control/share/colcon-core/packages/turtlesim_control)
[2.426s] Level 1:colcon.colcon_core.environment:create_environment_scripts_only(turtlesim_control)
[2.428s] Level 1:colcon.colcon_core.environment:checking '/home/siwakon/ROS2_Directory/portman_ws/install/turtlesim_control' for CMake module files
[2.429s] Level 1:colcon.colcon_core.environment:checking '/home/siwakon/ROS2_Directory/portman_ws/install/turtlesim_control' for CMake config files
[2.429s] Level 1:colcon.colcon_core.shell:create_environment_hook('turtlesim_control', 'cmake_prefix_path')
[2.430s] INFO:colcon.colcon_core.shell:Creating environment hook '/home/siwakon/ROS2_Directory/portman_ws/install/turtlesim_control/share/turtlesim_control/hook/cmake_prefix_path.ps1'
[2.431s] INFO:colcon.colcon_core.shell:Creating environment descriptor '/home/siwakon/ROS2_Directory/portman_ws/install/turtlesim_control/share/turtlesim_control/hook/cmake_prefix_path.dsv'
[2.431s] INFO:colcon.colcon_core.shell:Creating environment hook '/home/siwakon/ROS2_Directory/portman_ws/install/turtlesim_control/share/turtlesim_control/hook/cmake_prefix_path.sh'
[2.432s] Level 1:colcon.colcon_core.environment:checking '/home/siwakon/ROS2_Directory/portman_ws/install/turtlesim_control/lib'
[2.432s] Level 1:colcon.colcon_core.environment:checking '/home/siwakon/ROS2_Directory/portman_ws/install/turtlesim_control/bin'
[2.433s] Level 1:colcon.colcon_core.environment:checking '/home/siwakon/ROS2_Directory/portman_ws/install/turtlesim_control/lib/pkgconfig/turtlesim_control.pc'
[2.433s] Level 1:colcon.colcon_core.environment:checking '/home/siwakon/ROS2_Directory/portman_ws/install/turtlesim_control/lib/python3.8/site-packages'
[2.433s] Level 1:colcon.colcon_core.shell:create_environment_hook('turtlesim_control', 'pythonpath')
[2.435s] INFO:colcon.colcon_core.shell:Creating environment hook '/home/siwakon/ROS2_Directory/portman_ws/install/turtlesim_control/share/turtlesim_control/hook/pythonpath.ps1'
[2.435s] INFO:colcon.colcon_core.shell:Creating environment descriptor '/home/siwakon/ROS2_Directory/portman_ws/install/turtlesim_control/share/turtlesim_control/hook/pythonpath.dsv'
[2.436s] INFO:colcon.colcon_core.shell:Creating environment hook '/home/siwakon/ROS2_Directory/portman_ws/install/turtlesim_control/share/turtlesim_control/hook/pythonpath.sh'
[2.436s] Level 1:colcon.colcon_core.environment:checking '/home/siwakon/ROS2_Directory/portman_ws/install/turtlesim_control/bin'
[2.437s] INFO:colcon.colcon_core.shell:Creating package script '/home/siwakon/ROS2_Directory/portman_ws/install/turtlesim_control/share/turtlesim_control/package.ps1'
[2.438s] INFO:colcon.colcon_core.shell:Creating package descriptor '/home/siwakon/ROS2_Directory/portman_ws/install/turtlesim_control/share/turtlesim_control/package.dsv'
[2.438s] INFO:colcon.colcon_core.shell:Creating package script '/home/siwakon/ROS2_Directory/portman_ws/install/turtlesim_control/share/turtlesim_control/package.sh'
[2.439s] INFO:colcon.colcon_core.shell:Creating package script '/home/siwakon/ROS2_Directory/portman_ws/install/turtlesim_control/share/turtlesim_control/package.bash'
[2.440s] INFO:colcon.colcon_core.shell:Creating package script '/home/siwakon/ROS2_Directory/portman_ws/install/turtlesim_control/share/turtlesim_control/package.zsh'
[2.440s] Level 1:colcon.colcon_core.environment:create_file_with_runtime_dependencies(/home/siwakon/ROS2_Directory/portman_ws/install/turtlesim_control/share/colcon-core/packages/turtlesim_control)
[2.440s] DEBUG:colcon.colcon_parallel_executor.executor.parallel:closing loop
[2.440s] DEBUG:colcon.colcon_parallel_executor.executor.parallel:loop closed
[2.441s] DEBUG:colcon.colcon_parallel_executor.executor.parallel:run_until_complete finished with '0'
[2.441s] DEBUG:colcon.colcon_core.event_reactor:joining thread
[2.452s] INFO:colcon.colcon_core.plugin_system:Skipping extension 'colcon_notification.desktop_notification.terminal_notifier': Not used on non-Darwin systems
[2.452s] INFO:colcon.colcon_core.plugin_system:Skipping extension 'colcon_notification.desktop_notification.win32': Not used on non-Windows systems
[2.452s] INFO:colcon.colcon_notification.desktop_notification:Sending desktop notification using 'notify2'
[2.482s] DEBUG:colcon.colcon_core.event_reactor:joined thread
[2.483s] INFO:colcon.colcon_core.shell:Creating prefix script '/home/siwakon/ROS2_Directory/portman_ws/install/local_setup.ps1'
[2.485s] INFO:colcon.colcon_core.shell:Creating prefix util module '/home/siwakon/ROS2_Directory/portman_ws/install/_local_setup_util_ps1.py'
[2.488s] INFO:colcon.colcon_core.shell:Creating prefix chain script '/home/siwakon/ROS2_Directory/portman_ws/install/setup.ps1'
[2.490s] INFO:colcon.colcon_core.shell:Creating prefix script '/home/siwakon/ROS2_Directory/portman_ws/install/local_setup.sh'
[2.491s] INFO:colcon.colcon_core.shell:Creating prefix util module '/home/siwakon/ROS2_Directory/portman_ws/install/_local_setup_util_sh.py'
[2.492s] INFO:colcon.colcon_core.shell:Creating prefix chain script '/home/siwakon/ROS2_Directory/portman_ws/install/setup.sh'
[2.494s] INFO:colcon.colcon_core.shell:Creating prefix script '/home/siwakon/ROS2_Directory/portman_ws/install/local_setup.bash'
[2.495s] INFO:colcon.colcon_core.shell:Creating prefix chain script '/home/siwakon/ROS2_Directory/portman_ws/install/setup.bash'
[2.497s] INFO:colcon.colcon_core.shell:Creating prefix script '/home/siwakon/ROS2_Directory/portman_ws/install/local_setup.zsh'
[2.498s] INFO:colcon.colcon_core.shell:Creating prefix chain script '/home/siwakon/ROS2_Directory/portman_ws/install/setup.zsh'
