[0.180s] DEBUG:colcon:Command line arguments: ['/usr/bin/colcon', 'build', '--symlink-install']
[0.180s] DEBUG:colcon:Parsed command line arguments: Namespace(allow_overriding=[], ament_cmake_args=None, base_paths=['.'], build_base='build', catkin_cmake_args=None, catkin_skip_building_tests=False, cmake_args=None, cmake_clean_cache=False, cmake_clean_first=False, cmake_force_configure=False, cmake_target=None, cmake_target_skip_unavailable=False, continue_on_error=False, event_handlers=None, executor='parallel', ignore_user_meta=False, install_base='install', log_base=None, log_level=None, main=<bound method BuildVerb.main of <colcon_core.verb.build.BuildVerb object at 0x7f033e2dd8e0>>, merge_install=False, metas=['./colcon.meta'], packages_above=None, packages_above_and_dependencies=None, packages_above_depth=None, packages_end=None, packages_ignore=None, packages_ignore_regex=None, packages_select=None, packages_select_build_failed=False, packages_select_by_dep=None, packages_select_regex=None, packages_select_test_failures=False, packages_skip=None, packages_skip_build_finished=False, packages_skip_by_dep=None, packages_skip_regex=None, packages_skip_test_passed=False, packages_skip_up_to=None, packages_start=None, packages_up_to=None, packages_up_to_regex=None, parallel_workers=12, paths=None, symlink_install=True, test_result_base=None, verb_extension=<colcon_core.verb.build.BuildVerb object at 0x7f033e2dd8e0>, verb_name='build', verb_parser=<colcon_defaults.argument_parser.defaults.DefaultArgumentsDecorator object at 0x7f033e2dde50>)
[0.215s] Level 1:colcon.colcon_core.package_discovery:discover_packages(colcon_meta) check parameters
[0.216s] Level 1:colcon.colcon_core.package_discovery:discover_packages(recursive) check parameters
[0.216s] Level 1:colcon.colcon_core.package_discovery:discover_packages(ignore) check parameters
[0.216s] Level 1:colcon.colcon_core.package_discovery:discover_packages(path) check parameters
[0.216s] Level 1:colcon.colcon_core.package_discovery:discover_packages(colcon_meta) discover
[0.216s] Level 1:colcon.colcon_core.package_discovery:discover_packages(recursive) discover
[0.216s] INFO:colcon.colcon_core.package_discovery:Crawling recursively for packages in '/home/siwakon/ROS2_Directory/portman_ws'
[0.216s] Level 1:colcon.colcon_core.package_identification:_identify(.) by extensions ['ignore', 'ignore_ament_install']
[0.216s] Level 1:colcon.colcon_core.package_identification:_identify(.) by extension 'ignore'
[0.216s] Level 1:colcon.colcon_core.package_identification:_identify(.) by extension 'ignore_ament_install'
[0.216s] Level 1:colcon.colcon_core.package_identification:_identify(.) by extensions ['colcon_pkg']
[0.216s] Level 1:colcon.colcon_core.package_identification:_identify(.) by extension 'colcon_pkg'
[0.216s] Level 1:colcon.colcon_core.package_identification:_identify(.) by extensions ['colcon_meta']
[0.216s] Level 1:colcon.colcon_core.package_identification:_identify(.) by extension 'colcon_meta'
[0.216s] Level 1:colcon.colcon_core.package_identification:_identify(.) by extensions ['ros']
[0.216s] Level 1:colcon.colcon_core.package_identification:_identify(.) by extension 'ros'
[0.245s] Level 1:colcon.colcon_core.package_identification:_identify(.) by extensions ['cmake', 'python']
[0.245s] Level 1:colcon.colcon_core.package_identification:_identify(.) by extension 'cmake'
[0.245s] Level 1:colcon.colcon_core.package_identification:_identify(.) by extension 'python'
[0.245s] Level 1:colcon.colcon_core.package_identification:_identify(.) by extensions ['python_setup_py']
[0.245s] Level 1:colcon.colcon_core.package_identification:_identify(.) by extension 'python_setup_py'
[0.245s] Level 1:colcon.colcon_core.package_identification:_identify(build) by extensions ['ignore', 'ignore_ament_install']
[0.245s] Level 1:colcon.colcon_core.package_identification:_identify(build) by extension 'ignore'
[0.245s] Level 1:colcon.colcon_core.package_identification:_identify(build) ignored
[0.246s] Level 1:colcon.colcon_core.package_identification:_identify(install) by extensions ['ignore', 'ignore_ament_install']
[0.246s] Level 1:colcon.colcon_core.package_identification:_identify(install) by extension 'ignore'
[0.246s] Level 1:colcon.colcon_core.package_identification:_identify(install) ignored
[0.246s] Level 1:colcon.colcon_core.package_identification:_identify(log) by extensions ['ignore', 'ignore_ament_install']
[0.246s] Level 1:colcon.colcon_core.package_identification:_identify(log) by extension 'ignore'
[0.246s] Level 1:colcon.colcon_core.package_identification:_identify(log) ignored
[0.246s] Level 1:colcon.colcon_core.package_identification:_identify(src) by extensions ['ignore', 'ignore_ament_install']
[0.246s] Level 1:colcon.colcon_core.package_identification:_identify(src) by extension 'ignore'
[0.246s] Level 1:colcon.colcon_core.package_identification:_identify(src) by extension 'ignore_ament_install'
[0.246s] Level 1:colcon.colcon_core.package_identification:_identify(src) by extensions ['colcon_pkg']
[0.246s] Level 1:colcon.colcon_core.package_identification:_identify(src) by extension 'colcon_pkg'
[0.246s] Level 1:colcon.colcon_core.package_identification:_identify(src) by extensions ['colcon_meta']
[0.247s] Level 1:colcon.colcon_core.package_identification:_identify(src) by extension 'colcon_meta'
[0.247s] Level 1:colcon.colcon_core.package_identification:_identify(src) by extensions ['ros']
[0.247s] Level 1:colcon.colcon_core.package_identification:_identify(src) by extension 'ros'
[0.247s] Level 1:colcon.colcon_core.package_identification:_identify(src) by extensions ['cmake', 'python']
[0.247s] Level 1:colcon.colcon_core.package_identification:_identify(src) by extension 'cmake'
[0.247s] Level 1:colcon.colcon_core.package_identification:_identify(src) by extension 'python'
[0.247s] Level 1:colcon.colcon_core.package_identification:_identify(src) by extensions ['python_setup_py']
[0.247s] Level 1:colcon.colcon_core.package_identification:_identify(src) by extension 'python_setup_py'
[0.247s] Level 1:colcon.colcon_core.package_identification:_identify(src/turtlesim_control) by extensions ['ignore', 'ignore_ament_install']
[0.247s] Level 1:colcon.colcon_core.package_identification:_identify(src/turtlesim_control) by extension 'ignore'
[0.247s] Level 1:colcon.colcon_core.package_identification:_identify(src/turtlesim_control) by extension 'ignore_ament_install'
[0.247s] Level 1:colcon.colcon_core.package_identification:_identify(src/turtlesim_control) by extensions ['colcon_pkg']
[0.247s] Level 1:colcon.colcon_core.package_identification:_identify(src/turtlesim_control) by extension 'colcon_pkg'
[0.247s] Level 1:colcon.colcon_core.package_identification:_identify(src/turtlesim_control) by extensions ['colcon_meta']
[0.247s] Level 1:colcon.colcon_core.package_identification:_identify(src/turtlesim_control) by extension 'colcon_meta'
[0.247s] Level 1:colcon.colcon_core.package_identification:_identify(src/turtlesim_control) by extensions ['ros']
[0.247s] Level 1:colcon.colcon_core.package_identification:_identify(src/turtlesim_control) by extension 'ros'
[0.251s] DEBUG:colcon.colcon_core.package_identification:Package 'src/turtlesim_control' with type 'ros.ament_cmake' and name 'turtlesim_control'
[0.251s] Level 1:colcon.colcon_core.package_identification:_identify(src/turtlesim_interfaces) by extensions ['ignore', 'ignore_ament_install']
[0.251s] Level 1:colcon.colcon_core.package_identification:_identify(src/turtlesim_interfaces) by extension 'ignore'
[0.251s] Level 1:colcon.colcon_core.package_identification:_identify(src/turtlesim_interfaces) by extension 'ignore_ament_install'
[0.251s] Level 1:colcon.colcon_core.package_identification:_identify(src/turtlesim_interfaces) by extensions ['colcon_pkg']
[0.251s] Level 1:colcon.colcon_core.package_identification:_identify(src/turtlesim_interfaces) by extension 'colcon_pkg'
[0.251s] Level 1:colcon.colcon_core.package_identification:_identify(src/turtlesim_interfaces) by extensions ['colcon_meta']
[0.251s] Level 1:colcon.colcon_core.package_identification:_identify(src/turtlesim_interfaces) by extension 'colcon_meta'
[0.251s] Level 1:colcon.colcon_core.package_identification:_identify(src/turtlesim_interfaces) by extensions ['ros']
[0.251s] Level 1:colcon.colcon_core.package_identification:_identify(src/turtlesim_interfaces) by extension 'ros'
[0.252s] DEBUG:colcon.colcon_core.package_identification:Package 'src/turtlesim_interfaces' with type 'ros.ament_cmake' and name 'turtlesim_interfaces'
[0.252s] Level 1:colcon.colcon_core.package_discovery:discover_packages(recursive) using defaults
[0.252s] Level 1:colcon.colcon_core.package_discovery:discover_packages(ignore) discover
[0.252s] Level 1:colcon.colcon_core.package_discovery:discover_packages(ignore) using defaults
[0.252s] Level 1:colcon.colcon_core.package_discovery:discover_packages(path) discover
[0.252s] Level 1:colcon.colcon_core.package_discovery:discover_packages(path) using defaults
[0.297s] Level 1:colcon.colcon_core.package_discovery:discover_packages(prefix_path) check parameters
[0.297s] Level 1:colcon.colcon_core.package_discovery:discover_packages(prefix_path) discover
[0.300s] DEBUG:colcon.colcon_installed_package_information.package_discovery:Found 2 installed packages in /home/siwakon/ROS2_Directory/portman_ws/install
[0.301s] DEBUG:colcon.colcon_installed_package_information.package_discovery:Found 256 installed packages in /opt/ros/foxy
[0.303s] Level 1:colcon.colcon_core.package_discovery:discover_packages(prefix_path) using defaults
[0.392s] Level 5:colcon.colcon_core.verb:set package 'turtlesim_control' build argument 'cmake_args' from command line to 'None'
[0.392s] Level 5:colcon.colcon_core.verb:set package 'turtlesim_control' build argument 'cmake_target' from command line to 'None'
[0.392s] Level 5:colcon.colcon_core.verb:set package 'turtlesim_control' build argument 'cmake_target_skip_unavailable' from command line to 'False'
[0.392s] Level 5:colcon.colcon_core.verb:set package 'turtlesim_control' build argument 'cmake_clean_cache' from command line to 'False'
[0.392s] Level 5:colcon.colcon_core.verb:set package 'turtlesim_control' build argument 'cmake_clean_first' from command line to 'False'
[0.392s] Level 5:colcon.colcon_core.verb:set package 'turtlesim_control' build argument 'cmake_force_configure' from command line to 'False'
[0.392s] Level 5:colcon.colcon_core.verb:set package 'turtlesim_control' build argument 'ament_cmake_args' from command line to 'None'
[0.392s] Level 5:colcon.colcon_core.verb:set package 'turtlesim_control' build argument 'catkin_cmake_args' from command line to 'None'
[0.392s] Level 5:colcon.colcon_core.verb:set package 'turtlesim_control' build argument 'catkin_skip_building_tests' from command line to 'False'
[0.392s] DEBUG:colcon.colcon_core.verb:Building package 'turtlesim_control' with the following arguments: {'ament_cmake_args': None, 'build_base': '/home/siwakon/ROS2_Directory/portman_ws/build/turtlesim_control', 'catkin_cmake_args': None, 'catkin_skip_building_tests': False, 'cmake_args': None, 'cmake_clean_cache': False, 'cmake_clean_first': False, 'cmake_force_configure': False, 'cmake_target': None, 'cmake_target_skip_unavailable': False, 'install_base': '/home/siwakon/ROS2_Directory/portman_ws/install/turtlesim_control', 'merge_install': False, 'path': '/home/siwakon/ROS2_Directory/portman_ws/src/turtlesim_control', 'symlink_install': True, 'test_result_base': None}
[0.393s] Level 5:colcon.colcon_core.verb:set package 'turtlesim_interfaces' build argument 'cmake_args' from command line to 'None'
[0.393s] Level 5:colcon.colcon_core.verb:set package 'turtlesim_interfaces' build argument 'cmake_target' from command line to 'None'
[0.393s] Level 5:colcon.colcon_core.verb:set package 'turtlesim_interfaces' build argument 'cmake_target_skip_unavailable' from command line to 'False'
[0.393s] Level 5:colcon.colcon_core.verb:set package 'turtlesim_interfaces' build argument 'cmake_clean_cache' from command line to 'False'
[0.393s] Level 5:colcon.colcon_core.verb:set package 'turtlesim_interfaces' build argument 'cmake_clean_first' from command line to 'False'
[0.393s] Level 5:colcon.colcon_core.verb:set package 'turtlesim_interfaces' build argument 'cmake_force_configure' from command line to 'False'
[0.393s] Level 5:colcon.colcon_core.verb:set package 'turtlesim_interfaces' build argument 'ament_cmake_args' from command line to 'None'
[0.393s] Level 5:colcon.colcon_core.verb:set package 'turtlesim_interfaces' build argument 'catkin_cmake_args' from command line to 'None'
[0.393s] Level 5:colcon.colcon_core.verb:set package 'turtlesim_interfaces' build argument 'catkin_skip_building_tests' from command line to 'False'
[0.393s] DEBUG:colcon.colcon_core.verb:Building package 'turtlesim_interfaces' with the following arguments: {'ament_cmake_args': None, 'build_base': '/home/siwakon/ROS2_Directory/portman_ws/build/turtlesim_interfaces', 'catkin_cmake_args': None, 'catkin_skip_building_tests': False, 'cmake_args': None, 'cmake_clean_cache': False, 'cmake_clean_first': False, 'cmake_force_configure': False, 'cmake_target': None, 'cmake_target_skip_unavailable': False, 'install_base': '/home/siwakon/ROS2_Directory/portman_ws/install/turtlesim_interfaces', 'merge_install': False, 'path': '/home/siwakon/ROS2_Directory/portman_ws/src/turtlesim_interfaces', 'symlink_install': True, 'test_result_base': None}
[0.394s] INFO:colcon.colcon_core.executor:Executing jobs using 'parallel' executor
[0.397s] DEBUG:colcon.colcon_parallel_executor.executor.parallel:run_until_complete
[0.397s] INFO:colcon.colcon_ros.task.ament_cmake.build:Building ROS package in '/home/siwakon/ROS2_Directory/portman_ws/src/turtlesim_control' with build type 'ament_cmake'
[0.397s] INFO:colcon.colcon_cmake.task.cmake.build:Building CMake package in '/home/siwakon/ROS2_Directory/portman_ws/src/turtlesim_control'
[0.405s] INFO:colcon.colcon_core.plugin_system:Skipping extension 'colcon_core.shell.bat': Not used on non-Windows systems
[0.406s] INFO:colcon.colcon_core.shell:Skip shell extension 'powershell' for command environment: Not usable outside of PowerShell
[0.406s] DEBUG:colcon.colcon_core.shell:Skip shell extension 'dsv' for command environment
[0.417s] INFO:colcon.colcon_ros.task.ament_cmake.build:Building ROS package in '/home/siwakon/ROS2_Directory/portman_ws/src/turtlesim_interfaces' with build type 'ament_cmake'
[0.417s] INFO:colcon.colcon_cmake.task.cmake.build:Building CMake package in '/home/siwakon/ROS2_Directory/portman_ws/src/turtlesim_interfaces'
[0.418s] INFO:colcon.colcon_core.shell:Skip shell extension 'powershell' for command environment: Not usable outside of PowerShell
[0.419s] DEBUG:colcon.colcon_core.shell:Skip shell extension 'dsv' for command environment
[0.440s] DEBUG:colcon.colcon_core.event_handler.log_command:Invoking command in '/home/siwakon/ROS2_Directory/portman_ws/build/turtlesim_control': CMAKE_PREFIX_PATH=${CMAKE_PREFIX_PATH}:/opt/ros/foxy /usr/bin/cmake --build /home/siwakon/ROS2_Directory/portman_ws/build/turtlesim_control -- -j12 -l12
[0.462s] DEBUG:colcon.colcon_core.event_handler.log_command:Invoking command in '/home/siwakon/ROS2_Directory/portman_ws/build/turtlesim_interfaces': CMAKE_PREFIX_PATH=${CMAKE_PREFIX_PATH}:/opt/ros/foxy /usr/bin/cmake --build /home/siwakon/ROS2_Directory/portman_ws/build/turtlesim_interfaces -- -j12 -l12
[0.517s] DEBUG:colcon.colcon_core.event_handler.log_command:Invoked command in '/home/siwakon/ROS2_Directory/portman_ws/build/turtlesim_control' returned '0': CMAKE_PREFIX_PATH=${CMAKE_PREFIX_PATH}:/opt/ros/foxy /usr/bin/cmake --build /home/siwakon/ROS2_Directory/portman_ws/build/turtlesim_control -- -j12 -l12
[0.583s] DEBUG:colcon.colcon_core.event_handler.log_command:Invoking command in '/home/siwakon/ROS2_Directory/portman_ws/build/turtlesim_control': CMAKE_PREFIX_PATH=${CMAKE_PREFIX_PATH}:/opt/ros/foxy /usr/bin/cmake --install /home/siwakon/ROS2_Directory/portman_ws/build/turtlesim_control
[0.682s] Level 1:colcon.colcon_core.environment:create_environment_scripts_only(turtlesim_control)
[0.684s] DEBUG:colcon.colcon_core.event_handler.log_command:Invoked command in '/home/siwakon/ROS2_Directory/portman_ws/build/turtlesim_control' returned '0': CMAKE_PREFIX_PATH=${CMAKE_PREFIX_PATH}:/opt/ros/foxy /usr/bin/cmake --install /home/siwakon/ROS2_Directory/portman_ws/build/turtlesim_control
[0.691s] Level 1:colcon.colcon_core.environment:checking '/home/siwakon/ROS2_Directory/portman_ws/install/turtlesim_control' for CMake module files
[0.692s] Level 1:colcon.colcon_core.environment:checking '/home/siwakon/ROS2_Directory/portman_ws/install/turtlesim_control' for CMake config files
[0.693s] Level 1:colcon.colcon_core.shell:create_environment_hook('turtlesim_control', 'cmake_prefix_path')
[0.694s] INFO:colcon.colcon_core.shell:Creating environment hook '/home/siwakon/ROS2_Directory/portman_ws/install/turtlesim_control/share/turtlesim_control/hook/cmake_prefix_path.ps1'
[0.696s] INFO:colcon.colcon_core.shell:Creating environment descriptor '/home/siwakon/ROS2_Directory/portman_ws/install/turtlesim_control/share/turtlesim_control/hook/cmake_prefix_path.dsv'
[0.697s] INFO:colcon.colcon_core.shell:Creating environment hook '/home/siwakon/ROS2_Directory/portman_ws/install/turtlesim_control/share/turtlesim_control/hook/cmake_prefix_path.sh'
[0.699s] Level 1:colcon.colcon_core.environment:checking '/home/siwakon/ROS2_Directory/portman_ws/install/turtlesim_control/lib'
[0.699s] Level 1:colcon.colcon_core.environment:checking '/home/siwakon/ROS2_Directory/portman_ws/install/turtlesim_control/bin'
[0.699s] Level 1:colcon.colcon_core.environment:checking '/home/siwakon/ROS2_Directory/portman_ws/install/turtlesim_control/lib/pkgconfig/turtlesim_control.pc'
[0.700s] Level 1:colcon.colcon_core.environment:checking '/home/siwakon/ROS2_Directory/portman_ws/install/turtlesim_control/lib/python3.8/site-packages'
[0.700s] Level 1:colcon.colcon_core.shell:create_environment_hook('turtlesim_control', 'pythonpath')
[0.700s] INFO:colcon.colcon_core.shell:Creating environment hook '/home/siwakon/ROS2_Directory/portman_ws/install/turtlesim_control/share/turtlesim_control/hook/pythonpath.ps1'
[0.701s] INFO:colcon.colcon_core.shell:Creating environment descriptor '/home/siwakon/ROS2_Directory/portman_ws/install/turtlesim_control/share/turtlesim_control/hook/pythonpath.dsv'
[0.701s] INFO:colcon.colcon_core.shell:Creating environment hook '/home/siwakon/ROS2_Directory/portman_ws/install/turtlesim_control/share/turtlesim_control/hook/pythonpath.sh'
[0.702s] Level 1:colcon.colcon_core.environment:checking '/home/siwakon/ROS2_Directory/portman_ws/install/turtlesim_control/bin'
[0.703s] INFO:colcon.colcon_core.shell:Creating package script '/home/siwakon/ROS2_Directory/portman_ws/install/turtlesim_control/share/turtlesim_control/package.ps1'
[0.704s] INFO:colcon.colcon_core.shell:Creating package descriptor '/home/siwakon/ROS2_Directory/portman_ws/install/turtlesim_control/share/turtlesim_control/package.dsv'
[0.705s] INFO:colcon.colcon_core.shell:Creating package script '/home/siwakon/ROS2_Directory/portman_ws/install/turtlesim_control/share/turtlesim_control/package.sh'
[0.706s] INFO:colcon.colcon_core.shell:Creating package script '/home/siwakon/ROS2_Directory/portman_ws/install/turtlesim_control/share/turtlesim_control/package.bash'
[0.708s] INFO:colcon.colcon_core.shell:Creating package script '/home/siwakon/ROS2_Directory/portman_ws/install/turtlesim_control/share/turtlesim_control/package.zsh'
[0.708s] Level 1:colcon.colcon_core.environment:create_file_with_runtime_dependencies(/home/siwakon/ROS2_Directory/portman_ws/install/turtlesim_control/share/colcon-core/packages/turtlesim_control)
[0.751s] Level 1:colcon.colcon_core.environment:create_environment_scripts_only(turtlesim_control)
[0.753s] Level 1:colcon.colcon_core.environment:checking '/home/siwakon/ROS2_Directory/portman_ws/install/turtlesim_control' for CMake module files
[0.753s] Level 1:colcon.colcon_core.environment:checking '/home/siwakon/ROS2_Directory/portman_ws/install/turtlesim_control' for CMake config files
[0.754s] Level 1:colcon.colcon_core.shell:create_environment_hook('turtlesim_control', 'cmake_prefix_path')
[0.755s] INFO:colcon.colcon_core.shell:Creating environment hook '/home/siwakon/ROS2_Directory/portman_ws/install/turtlesim_control/share/turtlesim_control/hook/cmake_prefix_path.ps1'
[0.756s] INFO:colcon.colcon_core.shell:Creating environment descriptor '/home/siwakon/ROS2_Directory/portman_ws/install/turtlesim_control/share/turtlesim_control/hook/cmake_prefix_path.dsv'
[0.757s] INFO:colcon.colcon_core.shell:Creating environment hook '/home/siwakon/ROS2_Directory/portman_ws/install/turtlesim_control/share/turtlesim_control/hook/cmake_prefix_path.sh'
[0.759s] Level 1:colcon.colcon_core.environment:checking '/home/siwakon/ROS2_Directory/portman_ws/install/turtlesim_control/lib'
[0.759s] Level 1:colcon.colcon_core.environment:checking '/home/siwakon/ROS2_Directory/portman_ws/install/turtlesim_control/bin'
[0.759s] Level 1:colcon.colcon_core.environment:checking '/home/siwakon/ROS2_Directory/portman_ws/install/turtlesim_control/lib/pkgconfig/turtlesim_control.pc'
[0.760s] Level 1:colcon.colcon_core.environment:checking '/home/siwakon/ROS2_Directory/portman_ws/install/turtlesim_control/lib/python3.8/site-packages'
[0.760s] Level 1:colcon.colcon_core.shell:create_environment_hook('turtlesim_control', 'pythonpath')
[0.761s] INFO:colcon.colcon_core.shell:Creating environment hook '/home/siwakon/ROS2_Directory/portman_ws/install/turtlesim_control/share/turtlesim_control/hook/pythonpath.ps1'
[0.762s] INFO:colcon.colcon_core.shell:Creating environment descriptor '/home/siwakon/ROS2_Directory/portman_ws/install/turtlesim_control/share/turtlesim_control/hook/pythonpath.dsv'
[0.762s] INFO:colcon.colcon_core.shell:Creating environment hook '/home/siwakon/ROS2_Directory/portman_ws/install/turtlesim_control/share/turtlesim_control/hook/pythonpath.sh'
[0.763s] Level 1:colcon.colcon_core.environment:checking '/home/siwakon/ROS2_Directory/portman_ws/install/turtlesim_control/bin'
[0.765s] INFO:colcon.colcon_core.shell:Creating package script '/home/siwakon/ROS2_Directory/portman_ws/install/turtlesim_control/share/turtlesim_control/package.ps1'
[0.766s] INFO:colcon.colcon_core.shell:Creating package descriptor '/home/siwakon/ROS2_Directory/portman_ws/install/turtlesim_control/share/turtlesim_control/package.dsv'
[0.767s] INFO:colcon.colcon_core.shell:Creating package script '/home/siwakon/ROS2_Directory/portman_ws/install/turtlesim_control/share/turtlesim_control/package.sh'
[0.768s] INFO:colcon.colcon_core.shell:Creating package script '/home/siwakon/ROS2_Directory/portman_ws/install/turtlesim_control/share/turtlesim_control/package.bash'
[0.768s] INFO:colcon.colcon_core.shell:Creating package script '/home/siwakon/ROS2_Directory/portman_ws/install/turtlesim_control/share/turtlesim_control/package.zsh'
[0.769s] Level 1:colcon.colcon_core.environment:create_file_with_runtime_dependencies(/home/siwakon/ROS2_Directory/portman_ws/install/turtlesim_control/share/colcon-core/packages/turtlesim_control)
[0.859s] DEBUG:colcon.colcon_core.event_handler.log_command:Invoked command in '/home/siwakon/ROS2_Directory/portman_ws/build/turtlesim_interfaces' returned '0': CMAKE_PREFIX_PATH=${CMAKE_PREFIX_PATH}:/opt/ros/foxy /usr/bin/cmake --build /home/siwakon/ROS2_Directory/portman_ws/build/turtlesim_interfaces -- -j12 -l12
[0.987s] DEBUG:colcon.colcon_core.event_handler.log_command:Invoking command in '/home/siwakon/ROS2_Directory/portman_ws/build/turtlesim_interfaces': CMAKE_PREFIX_PATH=${CMAKE_PREFIX_PATH}:/opt/ros/foxy /usr/bin/cmake --install /home/siwakon/ROS2_Directory/portman_ws/build/turtlesim_interfaces
[1.108s] Level 1:colcon.colcon_core.environment:create_environment_scripts_only(turtlesim_interfaces)
[1.110s] Level 1:colcon.colcon_core.environment:checking '/home/siwakon/ROS2_Directory/portman_ws/install/turtlesim_interfaces' for CMake module files
[1.111s] DEBUG:colcon.colcon_core.event_handler.log_command:Invoked command in '/home/siwakon/ROS2_Directory/portman_ws/build/turtlesim_interfaces' returned '0': CMAKE_PREFIX_PATH=${CMAKE_PREFIX_PATH}:/opt/ros/foxy /usr/bin/cmake --install /home/siwakon/ROS2_Directory/portman_ws/build/turtlesim_interfaces
[1.112s] Level 1:colcon.colcon_core.environment:checking '/home/siwakon/ROS2_Directory/portman_ws/install/turtlesim_interfaces' for CMake config files
[1.112s] Level 1:colcon.colcon_core.shell:create_environment_hook('turtlesim_interfaces', 'cmake_prefix_path')
[1.113s] INFO:colcon.colcon_core.shell:Creating environment hook '/home/siwakon/ROS2_Directory/portman_ws/install/turtlesim_interfaces/share/turtlesim_interfaces/hook/cmake_prefix_path.ps1'
[1.114s] INFO:colcon.colcon_core.shell:Creating environment descriptor '/home/siwakon/ROS2_Directory/portman_ws/install/turtlesim_interfaces/share/turtlesim_interfaces/hook/cmake_prefix_path.dsv'
[1.114s] INFO:colcon.colcon_core.shell:Creating environment hook '/home/siwakon/ROS2_Directory/portman_ws/install/turtlesim_interfaces/share/turtlesim_interfaces/hook/cmake_prefix_path.sh'
[1.116s] Level 1:colcon.colcon_core.environment:checking '/home/siwakon/ROS2_Directory/portman_ws/install/turtlesim_interfaces/lib'
[1.116s] Level 1:colcon.colcon_core.shell:create_environment_hook('turtlesim_interfaces', 'ld_library_path_lib')
[1.117s] INFO:colcon.colcon_core.shell:Creating environment hook '/home/siwakon/ROS2_Directory/portman_ws/install/turtlesim_interfaces/share/turtlesim_interfaces/hook/ld_library_path_lib.ps1'
[1.118s] INFO:colcon.colcon_core.shell:Creating environment descriptor '/home/siwakon/ROS2_Directory/portman_ws/install/turtlesim_interfaces/share/turtlesim_interfaces/hook/ld_library_path_lib.dsv'
[1.118s] INFO:colcon.colcon_core.shell:Creating environment hook '/home/siwakon/ROS2_Directory/portman_ws/install/turtlesim_interfaces/share/turtlesim_interfaces/hook/ld_library_path_lib.sh'
[1.118s] Level 1:colcon.colcon_core.environment:checking '/home/siwakon/ROS2_Directory/portman_ws/install/turtlesim_interfaces/bin'
[1.119s] Level 1:colcon.colcon_core.environment:checking '/home/siwakon/ROS2_Directory/portman_ws/install/turtlesim_interfaces/lib/pkgconfig/turtlesim_interfaces.pc'
[1.119s] Level 1:colcon.colcon_core.environment:checking '/home/siwakon/ROS2_Directory/portman_ws/install/turtlesim_interfaces/lib/python3.8/site-packages'
[1.119s] Level 1:colcon.colcon_core.shell:create_environment_hook('turtlesim_interfaces', 'pythonpath')
[1.120s] INFO:colcon.colcon_core.shell:Creating environment hook '/home/siwakon/ROS2_Directory/portman_ws/install/turtlesim_interfaces/share/turtlesim_interfaces/hook/pythonpath.ps1'
[1.121s] INFO:colcon.colcon_core.shell:Creating environment descriptor '/home/siwakon/ROS2_Directory/portman_ws/install/turtlesim_interfaces/share/turtlesim_interfaces/hook/pythonpath.dsv'
[1.121s] INFO:colcon.colcon_core.shell:Creating environment hook '/home/siwakon/ROS2_Directory/portman_ws/install/turtlesim_interfaces/share/turtlesim_interfaces/hook/pythonpath.sh'
[1.122s] Level 1:colcon.colcon_core.environment:checking '/home/siwakon/ROS2_Directory/portman_ws/install/turtlesim_interfaces/bin'
[1.123s] INFO:colcon.colcon_core.shell:Creating package script '/home/siwakon/ROS2_Directory/portman_ws/install/turtlesim_interfaces/share/turtlesim_interfaces/package.ps1'
[1.125s] INFO:colcon.colcon_core.shell:Creating package descriptor '/home/siwakon/ROS2_Directory/portman_ws/install/turtlesim_interfaces/share/turtlesim_interfaces/package.dsv'
[1.127s] INFO:colcon.colcon_core.shell:Creating package script '/home/siwakon/ROS2_Directory/portman_ws/install/turtlesim_interfaces/share/turtlesim_interfaces/package.sh'
[1.127s] INFO:colcon.colcon_core.shell:Creating package script '/home/siwakon/ROS2_Directory/portman_ws/install/turtlesim_interfaces/share/turtlesim_interfaces/package.bash'
[1.128s] INFO:colcon.colcon_core.shell:Creating package script '/home/siwakon/ROS2_Directory/portman_ws/install/turtlesim_interfaces/share/turtlesim_interfaces/package.zsh'
[1.129s] Level 1:colcon.colcon_core.environment:create_file_with_runtime_dependencies(/home/siwakon/ROS2_Directory/portman_ws/install/turtlesim_interfaces/share/colcon-core/packages/turtlesim_interfaces)
[1.213s] Level 1:colcon.colcon_core.environment:create_environment_scripts_only(turtlesim_interfaces)
[1.214s] Level 1:colcon.colcon_core.environment:checking '/home/siwakon/ROS2_Directory/portman_ws/install/turtlesim_interfaces' for CMake module files
[1.215s] Level 1:colcon.colcon_core.environment:checking '/home/siwakon/ROS2_Directory/portman_ws/install/turtlesim_interfaces' for CMake config files
[1.216s] Level 1:colcon.colcon_core.shell:create_environment_hook('turtlesim_interfaces', 'cmake_prefix_path')
[1.217s] INFO:colcon.colcon_core.shell:Creating environment hook '/home/siwakon/ROS2_Directory/portman_ws/install/turtlesim_interfaces/share/turtlesim_interfaces/hook/cmake_prefix_path.ps1'
[1.218s] INFO:colcon.colcon_core.shell:Creating environment descriptor '/home/siwakon/ROS2_Directory/portman_ws/install/turtlesim_interfaces/share/turtlesim_interfaces/hook/cmake_prefix_path.dsv'
[1.218s] INFO:colcon.colcon_core.shell:Creating environment hook '/home/siwakon/ROS2_Directory/portman_ws/install/turtlesim_interfaces/share/turtlesim_interfaces/hook/cmake_prefix_path.sh'
[1.220s] Level 1:colcon.colcon_core.environment:checking '/home/siwakon/ROS2_Directory/portman_ws/install/turtlesim_interfaces/lib'
[1.220s] Level 1:colcon.colcon_core.shell:create_environment_hook('turtlesim_interfaces', 'ld_library_path_lib')
[1.221s] INFO:colcon.colcon_core.shell:Creating environment hook '/home/siwakon/ROS2_Directory/portman_ws/install/turtlesim_interfaces/share/turtlesim_interfaces/hook/ld_library_path_lib.ps1'
[1.221s] INFO:colcon.colcon_core.shell:Creating environment descriptor '/home/siwakon/ROS2_Directory/portman_ws/install/turtlesim_interfaces/share/turtlesim_interfaces/hook/ld_library_path_lib.dsv'
[1.221s] INFO:colcon.colcon_core.shell:Creating environment hook '/home/siwakon/ROS2_Directory/portman_ws/install/turtlesim_interfaces/share/turtlesim_interfaces/hook/ld_library_path_lib.sh'
[1.222s] Level 1:colcon.colcon_core.environment:checking '/home/siwakon/ROS2_Directory/portman_ws/install/turtlesim_interfaces/bin'
[1.222s] Level 1:colcon.colcon_core.environment:checking '/home/siwakon/ROS2_Directory/portman_ws/install/turtlesim_interfaces/lib/pkgconfig/turtlesim_interfaces.pc'
[1.222s] Level 1:colcon.colcon_core.environment:checking '/home/siwakon/ROS2_Directory/portman_ws/install/turtlesim_interfaces/lib/python3.8/site-packages'
[1.222s] Level 1:colcon.colcon_core.shell:create_environment_hook('turtlesim_interfaces', 'pythonpath')
[1.223s] INFO:colcon.colcon_core.shell:Creating environment hook '/home/siwakon/ROS2_Directory/portman_ws/install/turtlesim_interfaces/share/turtlesim_interfaces/hook/pythonpath.ps1'
[1.224s] INFO:colcon.colcon_core.shell:Creating environment descriptor '/home/siwakon/ROS2_Directory/portman_ws/install/turtlesim_interfaces/share/turtlesim_interfaces/hook/pythonpath.dsv'
[1.225s] INFO:colcon.colcon_core.shell:Creating environment hook '/home/siwakon/ROS2_Directory/portman_ws/install/turtlesim_interfaces/share/turtlesim_interfaces/hook/pythonpath.sh'
[1.226s] Level 1:colcon.colcon_core.environment:checking '/home/siwakon/ROS2_Directory/portman_ws/install/turtlesim_interfaces/bin'
[1.227s] INFO:colcon.colcon_core.shell:Creating package script '/home/siwakon/ROS2_Directory/portman_ws/install/turtlesim_interfaces/share/turtlesim_interfaces/package.ps1'
[1.229s] INFO:colcon.colcon_core.shell:Creating package descriptor '/home/siwakon/ROS2_Directory/portman_ws/install/turtlesim_interfaces/share/turtlesim_interfaces/package.dsv'
[1.230s] INFO:colcon.colcon_core.shell:Creating package script '/home/siwakon/ROS2_Directory/portman_ws/install/turtlesim_interfaces/share/turtlesim_interfaces/package.sh'
[1.232s] INFO:colcon.colcon_core.shell:Creating package script '/home/siwakon/ROS2_Directory/portman_ws/install/turtlesim_interfaces/share/turtlesim_interfaces/package.bash'
[1.232s] INFO:colcon.colcon_core.shell:Creating package script '/home/siwakon/ROS2_Directory/portman_ws/install/turtlesim_interfaces/share/turtlesim_interfaces/package.zsh'
[1.233s] Level 1:colcon.colcon_core.environment:create_file_with_runtime_dependencies(/home/siwakon/ROS2_Directory/portman_ws/install/turtlesim_interfaces/share/colcon-core/packages/turtlesim_interfaces)
[1.234s] DEBUG:colcon.colcon_parallel_executor.executor.parallel:closing loop
[1.234s] DEBUG:colcon.colcon_parallel_executor.executor.parallel:loop closed
[1.234s] DEBUG:colcon.colcon_parallel_executor.executor.parallel:run_until_complete finished with '0'
[1.235s] DEBUG:colcon.colcon_core.event_reactor:joining thread
[1.248s] INFO:colcon.colcon_core.plugin_system:Skipping extension 'colcon_notification.desktop_notification.terminal_notifier': Not used on non-Darwin systems
[1.248s] INFO:colcon.colcon_core.plugin_system:Skipping extension 'colcon_notification.desktop_notification.win32': Not used on non-Windows systems
[1.248s] INFO:colcon.colcon_notification.desktop_notification:Sending desktop notification using 'notify2'
[1.287s] DEBUG:colcon.colcon_core.event_reactor:joined thread
[1.288s] INFO:colcon.colcon_core.shell:Creating prefix script '/home/siwakon/ROS2_Directory/portman_ws/install/local_setup.ps1'
[1.291s] INFO:colcon.colcon_core.shell:Creating prefix util module '/home/siwakon/ROS2_Directory/portman_ws/install/_local_setup_util_ps1.py'
[1.295s] INFO:colcon.colcon_core.shell:Creating prefix chain script '/home/siwakon/ROS2_Directory/portman_ws/install/setup.ps1'
[1.298s] INFO:colcon.colcon_core.shell:Creating prefix script '/home/siwakon/ROS2_Directory/portman_ws/install/local_setup.sh'
[1.299s] INFO:colcon.colcon_core.shell:Creating prefix util module '/home/siwakon/ROS2_Directory/portman_ws/install/_local_setup_util_sh.py'
[1.299s] INFO:colcon.colcon_core.shell:Creating prefix chain script '/home/siwakon/ROS2_Directory/portman_ws/install/setup.sh'
[1.300s] INFO:colcon.colcon_core.shell:Creating prefix script '/home/siwakon/ROS2_Directory/portman_ws/install/local_setup.bash'
[1.301s] INFO:colcon.colcon_core.shell:Creating prefix chain script '/home/siwakon/ROS2_Directory/portman_ws/install/setup.bash'
[1.302s] INFO:colcon.colcon_core.shell:Creating prefix script '/home/siwakon/ROS2_Directory/portman_ws/install/local_setup.zsh'
[1.302s] INFO:colcon.colcon_core.shell:Creating prefix chain script '/home/siwakon/ROS2_Directory/portman_ws/install/setup.zsh'
