[0.019s] Invoking command in '/home/siwakon/ROS2_Directory/portman_ws/build/turtlesim_control': CMAKE_PREFIX_PATH=/home/siwakon/ROS2_Directory/portman_ws/install/turtesim_contral:/opt/ros/foxy /usr/bin/cmake /home/siwakon/ROS2_Directory/portman_ws/src/turtlesim_control -DAMENT_CMAKE_SYMLINK_INSTALL=1 -DCMAKE_INSTALL_PREFIX=/home/siwakon/ROS2_Directory/portman_ws/install/turtlesim_control
[0.184s] -- The C compiler identification is GNU 9.4.0
[0.318s] -- The CXX compiler identification is GNU 9.4.0
[0.329s] -- Check for working C compiler: /usr/bin/cc
[0.443s] -- Check for working C compiler: /usr/bin/cc -- works
[0.446s] -- Detecting C compiler ABI info
[0.566s] -- Detecting C compiler ABI info - done
[0.588s] -- Detecting C compile features
[0.589s] -- Detecting C compile features - done
[0.594s] -- Check for working CXX compiler: /usr/bin/c++
[0.720s] -- Check for working CXX compiler: /usr/bin/c++ -- works
[0.723s] -- Detecting CXX compiler ABI info
[0.854s] -- Detecting CXX compiler ABI info - done
[0.877s] -- Detecting CXX compile features
[0.877s] -- Detecting CXX compile features - done
[0.885s] -- Found ament_cmake: 0.9.9 (/opt/ros/foxy/share/ament_cmake/cmake)
[0.928s] -- Found PythonInterp: /usr/bin/python3 (found suitable version "3.8.10", minimum required is "3") 
[0.928s] -- Using PYTHON_EXECUTABLE: /usr/bin/python3
[1.186s] -- Override CMake install command with custom implementation using symlinks instead of copying resources
[1.231s] -- Found rclpy: 1.0.8 (/opt/ros/foxy/share/rclpy/cmake)
[1.394s] -- Configuring done
[1.397s] -- Generating done
[1.398s] -- Build files have been written to: /home/siwakon/ROS2_Directory/portman_ws/build/turtlesim_control
[1.404s] Invoked command in '/home/siwakon/ROS2_Directory/portman_ws/build/turtlesim_control' returned '0': CMAKE_PREFIX_PATH=/home/siwakon/ROS2_Directory/portman_ws/install/turtesim_contral:/opt/ros/foxy /usr/bin/cmake /home/siwakon/ROS2_Directory/portman_ws/src/turtlesim_control -DAMENT_CMAKE_SYMLINK_INSTALL=1 -DCMAKE_INSTALL_PREFIX=/home/siwakon/ROS2_Directory/portman_ws/install/turtlesim_control
[1.412s] Invoking command in '/home/siwakon/ROS2_Directory/portman_ws/build/turtlesim_control': CMAKE_PREFIX_PATH=/home/siwakon/ROS2_Directory/portman_ws/install/turtesim_contral:/opt/ros/foxy /usr/bin/cmake --build /home/siwakon/ROS2_Directory/portman_ws/build/turtlesim_control -- -j12 -l12
[1.476s] Invoked command in '/home/siwakon/ROS2_Directory/portman_ws/build/turtlesim_control' returned '0': CMAKE_PREFIX_PATH=/home/siwakon/ROS2_Directory/portman_ws/install/turtesim_contral:/opt/ros/foxy /usr/bin/cmake --build /home/siwakon/ROS2_Directory/portman_ws/build/turtlesim_control -- -j12 -l12
[1.542s] Invoking command in '/home/siwakon/ROS2_Directory/portman_ws/build/turtlesim_control': CMAKE_PREFIX_PATH=/home/siwakon/ROS2_Directory/portman_ws/install/turtesim_contral:/opt/ros/foxy /usr/bin/cmake --install /home/siwakon/ROS2_Directory/portman_ws/build/turtlesim_control
[1.557s] -- Install configuration: ""
[1.558s] -- Execute custom install script
[1.559s] -- Symlinking: /home/siwakon/ROS2_Directory/portman_ws/install/turtlesim_control/share/turtlesim_control/environment/pythonpath.sh
[1.576s] -- Symlinking: /home/siwakon/ROS2_Directory/portman_ws/install/turtlesim_control/share/turtlesim_control/environment/pythonpath.dsv
[1.595s] -- Symlinking: /home/siwakon/ROS2_Directory/portman_ws/install/turtlesim_control/lib/python3.8/site-packages/python_lib/__init__.py
[1.609s] -- Symlinking: /home/siwakon/ROS2_Directory/portman_ws/install/turtlesim_control/lib/turtlesim_control/controller.py
[1.624s] -- Symlinking: /home/siwakon/ROS2_Directory/portman_ws/install/turtlesim_control/share/ament_index/resource_index/package_run_dependencies/turtlesim_control
[1.641s] -- Symlinking: /home/siwakon/ROS2_Directory/portman_ws/install/turtlesim_control/share/ament_index/resource_index/parent_prefix_path/turtlesim_control
[1.656s] -- Symlinking: /home/siwakon/ROS2_Directory/portman_ws/install/turtlesim_control/share/turtlesim_control/environment/ament_prefix_path.sh
[1.671s] -- Symlinking: /home/siwakon/ROS2_Directory/portman_ws/install/turtlesim_control/share/turtlesim_control/environment/ament_prefix_path.dsv
[1.685s] -- Symlinking: /home/siwakon/ROS2_Directory/portman_ws/install/turtlesim_control/share/turtlesim_control/environment/path.sh
[1.699s] -- Symlinking: /home/siwakon/ROS2_Directory/portman_ws/install/turtlesim_control/share/turtlesim_control/environment/path.dsv
[1.710s] -- Symlinking: /home/siwakon/ROS2_Directory/portman_ws/install/turtlesim_control/share/turtlesim_control/local_setup.bash
[1.721s] -- Symlinking: /home/siwakon/ROS2_Directory/portman_ws/install/turtlesim_control/share/turtlesim_control/local_setup.sh
[1.733s] -- Symlinking: /home/siwakon/ROS2_Directory/portman_ws/install/turtlesim_control/share/turtlesim_control/local_setup.zsh
[1.745s] -- Symlinking: /home/siwakon/ROS2_Directory/portman_ws/install/turtlesim_control/share/turtlesim_control/local_setup.dsv
[1.756s] -- Symlinking: /home/siwakon/ROS2_Directory/portman_ws/install/turtlesim_control/share/turtlesim_control/package.dsv
[1.769s] -- Symlinking: /home/siwakon/ROS2_Directory/portman_ws/install/turtlesim_control/share/ament_index/resource_index/packages/turtlesim_control
[1.783s] -- Symlinking: /home/siwakon/ROS2_Directory/portman_ws/install/turtlesim_control/share/turtlesim_control/cmake/turtlesim_controlConfig.cmake
[1.796s] -- Symlinking: /home/siwakon/ROS2_Directory/portman_ws/install/turtlesim_control/share/turtlesim_control/cmake/turtlesim_controlConfig-version.cmake
[1.807s] -- Symlinking: /home/siwakon/ROS2_Directory/portman_ws/install/turtlesim_control/share/turtlesim_control/package.xml
[1.863s] Listing '/home/siwakon/ROS2_Directory/portman_ws/install/turtlesim_control/lib/python3.8/site-packages/python_lib'...
[1.863s] Compiling '/home/siwakon/ROS2_Directory/portman_ws/install/turtlesim_control/lib/python3.8/site-packages/python_lib/__init__.py'...
[1.873s] Invoked command in '/home/siwakon/ROS2_Directory/portman_ws/build/turtlesim_control' returned '0': CMAKE_PREFIX_PATH=/home/siwakon/ROS2_Directory/portman_ws/install/turtesim_contral:/opt/ros/foxy /usr/bin/cmake --install /home/siwakon/ROS2_Directory/portman_ws/build/turtlesim_control
