[0.034s] Invoking command in '/home/siwakon/ROS2_Directory/portman_ws/build/turtlesim_interfaces': CMAKE_PREFIX_PATH=${CMAKE_PREFIX_PATH}:/opt/ros/foxy /usr/bin/cmake --build /home/siwakon/ROS2_Directory/portman_ws/build/turtlesim_interfaces -- -j12 -l12
[0.136s] [  5%] Built target turtlesim_interfaces__cpp
[0.140s] [ 12%] Built target turtlesim_interfaces__rosidl_generator_c
[0.174s] [ 41%] Built target turtlesim_interfaces__rosidl_typesupport_introspection_cpp
[0.174s] [ 41%] Built target turtlesim_interfaces__rosidl_typesupport_introspection_c
[0.174s] [ 43%] Built target turtlesim_interfaces__rosidl_typesupport_c
[0.176s] [ 53%] Built target turtlesim_interfaces__rosidl_typesupport_cpp
[0.180s] [ 64%] Built target turtlesim_interfaces__rosidl_typesupport_fastrtps_cpp
[0.233s] [ 74%] Built target turtlesim_interfaces__rosidl_typesupport_fastrtps_c
[0.272s] [ 74%] Built target turtlesim_interfaces
[0.316s] [ 76%] Built target turtlesim_interfaces__py
[0.365s] [ 84%] Built target turtlesim_interfaces__python
[0.410s] [ 89%] Built target turtlesim_interfaces__rosidl_typesupport_introspection_c__pyext
[0.413s] [ 94%] Built target turtlesim_interfaces__rosidl_typesupport_c__pyext
[0.417s] [100%] Built target turtlesim_interfaces__rosidl_typesupport_fastrtps_c__pyext
[0.438s] Invoked command in '/home/siwakon/ROS2_Directory/portman_ws/build/turtlesim_interfaces' returned '0': CMAKE_PREFIX_PATH=${CMAKE_PREFIX_PATH}:/opt/ros/foxy /usr/bin/cmake --build /home/siwakon/ROS2_Directory/portman_ws/build/turtlesim_interfaces -- -j12 -l12
[0.539s] Invoking command in '/home/siwakon/ROS2_Directory/portman_ws/build/turtlesim_interfaces': CMAKE_PREFIX_PATH=${CMAKE_PREFIX_PATH}:/opt/ros/foxy /usr/bin/cmake --install /home/siwakon/ROS2_Directory/portman_ws/build/turtlesim_interfaces
[0.555s] -- Install configuration: ""
[0.556s] -- Execute custom install script
[0.557s] -- Up-to-date symlink: /home/siwakon/ROS2_Directory/portman_ws/install/turtlesim_interfaces/share/ament_index/resource_index/rosidl_interfaces/turtlesim_interfaces
[0.558s] -- Up-to-date symlink: /home/siwakon/ROS2_Directory/portman_ws/install/turtlesim_interfaces/include/turtlesim_interfaces/msg/rosidl_generator_c__visibility_control.h
[0.558s] -- Up-to-date symlink: /home/siwakon/ROS2_Directory/portman_ws/install/turtlesim_interfaces/include/turtlesim_interfaces/srv/detail/rand_goal__functions.h
[0.558s] -- Up-to-date symlink: /home/siwakon/ROS2_Directory/portman_ws/install/turtlesim_interfaces/include/turtlesim_interfaces/srv/detail/rand_goal__struct.h
[0.559s] -- Up-to-date symlink: /home/siwakon/ROS2_Directory/portman_ws/install/turtlesim_interfaces/include/turtlesim_interfaces/srv/detail/rand_goal__type_support.h
[0.559s] -- Up-to-date symlink: /home/siwakon/ROS2_Directory/portman_ws/install/turtlesim_interfaces/include/turtlesim_interfaces/srv/detail/set_goal__functions.h
[0.560s] -- Up-to-date symlink: /home/siwakon/ROS2_Directory/portman_ws/install/turtlesim_interfaces/include/turtlesim_interfaces/srv/detail/set_goal__struct.h
[0.560s] -- Up-to-date symlink: /home/siwakon/ROS2_Directory/portman_ws/install/turtlesim_interfaces/include/turtlesim_interfaces/srv/detail/set_goal__type_support.h
[0.560s] -- Up-to-date symlink: /home/siwakon/ROS2_Directory/portman_ws/install/turtlesim_interfaces/include/turtlesim_interfaces/srv/rand_goal.h
[0.560s] -- Up-to-date symlink: /home/siwakon/ROS2_Directory/portman_ws/install/turtlesim_interfaces/include/turtlesim_interfaces/srv/set_goal.h
[0.560s] -- Up-to-date symlink: /home/siwakon/ROS2_Directory/portman_ws/install/turtlesim_interfaces/share/turtlesim_interfaces/environment/library_path.sh
[0.561s] -- Up-to-date symlink: /home/siwakon/ROS2_Directory/portman_ws/install/turtlesim_interfaces/share/turtlesim_interfaces/environment/library_path.dsv
[0.561s] -- Up-to-date symlink: /home/siwakon/ROS2_Directory/portman_ws/install/turtlesim_interfaces/include/turtlesim_interfaces/msg/rosidl_typesupport_fastrtps_c__visibility_control.h
[0.562s] -- Up-to-date symlink: /home/siwakon/ROS2_Directory/portman_ws/install/turtlesim_interfaces/include/turtlesim_interfaces/srv/detail/rand_goal__rosidl_typesupport_fastrtps_c.h
[0.562s] -- Up-to-date symlink: /home/siwakon/ROS2_Directory/portman_ws/install/turtlesim_interfaces/include/turtlesim_interfaces/srv/detail/set_goal__rosidl_typesupport_fastrtps_c.h
[0.563s] -- Up-to-date symlink: /home/siwakon/ROS2_Directory/portman_ws/install/turtlesim_interfaces/lib/libturtlesim_interfaces__rosidl_typesupport_fastrtps_c.so
[0.563s] -- Up-to-date symlink: /home/siwakon/ROS2_Directory/portman_ws/install/turtlesim_interfaces/include/turtlesim_interfaces/msg/rosidl_typesupport_fastrtps_cpp__visibility_control.h
[0.563s] -- Up-to-date symlink: /home/siwakon/ROS2_Directory/portman_ws/install/turtlesim_interfaces/include/turtlesim_interfaces/srv/detail/rand_goal__rosidl_typesupport_fastrtps_cpp.hpp
[0.564s] -- Up-to-date symlink: /home/siwakon/ROS2_Directory/portman_ws/install/turtlesim_interfaces/include/turtlesim_interfaces/srv/detail/set_goal__rosidl_typesupport_fastrtps_cpp.hpp
[0.564s] -- Up-to-date symlink: /home/siwakon/ROS2_Directory/portman_ws/install/turtlesim_interfaces/lib/libturtlesim_interfaces__rosidl_typesupport_fastrtps_cpp.so
[0.565s] -- Up-to-date symlink: /home/siwakon/ROS2_Directory/portman_ws/install/turtlesim_interfaces/include/turtlesim_interfaces/msg/rosidl_typesupport_introspection_c__visibility_control.h
[0.565s] -- Up-to-date symlink: /home/siwakon/ROS2_Directory/portman_ws/install/turtlesim_interfaces/include/turtlesim_interfaces/srv/detail/rand_goal__rosidl_typesupport_introspection_c.h
[0.565s] -- Up-to-date symlink: /home/siwakon/ROS2_Directory/portman_ws/install/turtlesim_interfaces/include/turtlesim_interfaces/srv/detail/set_goal__rosidl_typesupport_introspection_c.h
[0.566s] -- Up-to-date symlink: /home/siwakon/ROS2_Directory/portman_ws/install/turtlesim_interfaces/include/turtlesim_interfaces/srv/detail/rand_goal__builder.hpp
[0.566s] -- Up-to-date symlink: /home/siwakon/ROS2_Directory/portman_ws/install/turtlesim_interfaces/include/turtlesim_interfaces/srv/detail/rand_goal__struct.hpp
[0.567s] -- Up-to-date symlink: /home/siwakon/ROS2_Directory/portman_ws/install/turtlesim_interfaces/include/turtlesim_interfaces/srv/detail/rand_goal__traits.hpp
[0.567s] -- Up-to-date symlink: /home/siwakon/ROS2_Directory/portman_ws/install/turtlesim_interfaces/include/turtlesim_interfaces/srv/detail/set_goal__builder.hpp
[0.567s] -- Up-to-date symlink: /home/siwakon/ROS2_Directory/portman_ws/install/turtlesim_interfaces/include/turtlesim_interfaces/srv/detail/set_goal__struct.hpp
[0.568s] -- Up-to-date symlink: /home/siwakon/ROS2_Directory/portman_ws/install/turtlesim_interfaces/include/turtlesim_interfaces/srv/detail/set_goal__traits.hpp
[0.568s] -- Up-to-date symlink: /home/siwakon/ROS2_Directory/portman_ws/install/turtlesim_interfaces/include/turtlesim_interfaces/srv/rand_goal.hpp
[0.568s] -- Up-to-date symlink: /home/siwakon/ROS2_Directory/portman_ws/install/turtlesim_interfaces/include/turtlesim_interfaces/srv/set_goal.hpp
[0.568s] -- Up-to-date symlink: /home/siwakon/ROS2_Directory/portman_ws/install/turtlesim_interfaces/include/turtlesim_interfaces/srv/detail/rand_goal__rosidl_typesupport_introspection_cpp.hpp
[0.569s] -- Up-to-date symlink: /home/siwakon/ROS2_Directory/portman_ws/install/turtlesim_interfaces/include/turtlesim_interfaces/srv/detail/set_goal__rosidl_typesupport_introspection_cpp.hpp
[0.569s] -- Up-to-date symlink: /home/siwakon/ROS2_Directory/portman_ws/install/turtlesim_interfaces/share/turtlesim_interfaces/environment/pythonpath.sh
[0.569s] -- Up-to-date symlink: /home/siwakon/ROS2_Directory/portman_ws/install/turtlesim_interfaces/share/turtlesim_interfaces/environment/pythonpath.dsv
[0.570s] -- Up-to-date symlink: /home/siwakon/ROS2_Directory/portman_ws/install/turtlesim_interfaces/lib/python3.8/site-packages/turtlesim_interfaces/__init__.py
[0.570s] -- Up-to-date symlink: /home/siwakon/ROS2_Directory/portman_ws/install/turtlesim_interfaces/lib/python3.8/site-packages/turtlesim_interfaces/srv/__init__.py
[0.570s] -- Up-to-date symlink: /home/siwakon/ROS2_Directory/portman_ws/install/turtlesim_interfaces/lib/python3.8/site-packages/turtlesim_interfaces/srv/_rand_goal.py
[0.571s] -- Up-to-date symlink: /home/siwakon/ROS2_Directory/portman_ws/install/turtlesim_interfaces/lib/python3.8/site-packages/turtlesim_interfaces/srv/_set_goal.py
[0.572s] -- Up-to-date symlink: /home/siwakon/ROS2_Directory/portman_ws/install/turtlesim_interfaces/lib/python3.8/site-packages/turtlesim_interfaces/turtlesim_interfaces_s__rosidl_typesupport_fastrtps_c.cpython-38-x86_64-linux-gnu.so
[0.572s] -- Up-to-date symlink: /home/siwakon/ROS2_Directory/portman_ws/install/turtlesim_interfaces/lib/python3.8/site-packages/turtlesim_interfaces/turtlesim_interfaces_s__rosidl_typesupport_introspection_c.cpython-38-x86_64-linux-gnu.so
[0.572s] -- Up-to-date symlink: /home/siwakon/ROS2_Directory/portman_ws/install/turtlesim_interfaces/lib/python3.8/site-packages/turtlesim_interfaces/turtlesim_interfaces_s__rosidl_typesupport_c.cpython-38-x86_64-linux-gnu.so
[0.573s] -- Up-to-date symlink: /home/siwakon/ROS2_Directory/portman_ws/install/turtlesim_interfaces/lib/libturtlesim_interfaces__python.so
[0.574s] -- Up-to-date symlink: /home/siwakon/ROS2_Directory/portman_ws/install/turtlesim_interfaces/share/turtlesim_interfaces/srv/RandGoal.idl
[0.574s] -- Up-to-date symlink: /home/siwakon/ROS2_Directory/portman_ws/install/turtlesim_interfaces/share/turtlesim_interfaces/srv/SetGoal.idl
[0.574s] -- Up-to-date symlink: /home/siwakon/ROS2_Directory/portman_ws/install/turtlesim_interfaces/share/turtlesim_interfaces/srv/RandGoal.srv
[0.575s] -- Up-to-date symlink: /home/siwakon/ROS2_Directory/portman_ws/install/turtlesim_interfaces/share/turtlesim_interfaces/srv/RandGoal_Request.msg
[0.575s] -- Up-to-date symlink: /home/siwakon/ROS2_Directory/portman_ws/install/turtlesim_interfaces/share/turtlesim_interfaces/srv/RandGoal_Response.msg
[0.576s] -- Up-to-date symlink: /home/siwakon/ROS2_Directory/portman_ws/install/turtlesim_interfaces/share/turtlesim_interfaces/srv/SetGoal.srv
[0.576s] -- Up-to-date symlink: /home/siwakon/ROS2_Directory/portman_ws/install/turtlesim_interfaces/share/turtlesim_interfaces/srv/SetGoal_Request.msg
[0.576s] -- Up-to-date symlink: /home/siwakon/ROS2_Directory/portman_ws/install/turtlesim_interfaces/share/turtlesim_interfaces/srv/SetGoal_Response.msg
[0.576s] -- Up-to-date symlink: /home/siwakon/ROS2_Directory/portman_ws/install/turtlesim_interfaces/share/ament_index/resource_index/package_run_dependencies/turtlesim_interfaces
[0.576s] -- Up-to-date symlink: /home/siwakon/ROS2_Directory/portman_ws/install/turtlesim_interfaces/share/ament_index/resource_index/parent_prefix_path/turtlesim_interfaces
[0.577s] -- Up-to-date symlink: /home/siwakon/ROS2_Directory/portman_ws/install/turtlesim_interfaces/share/turtlesim_interfaces/environment/ament_prefix_path.sh
[0.577s] -- Up-to-date symlink: /home/siwakon/ROS2_Directory/portman_ws/install/turtlesim_interfaces/share/turtlesim_interfaces/environment/ament_prefix_path.dsv
[0.578s] -- Up-to-date symlink: /home/siwakon/ROS2_Directory/portman_ws/install/turtlesim_interfaces/share/turtlesim_interfaces/environment/path.sh
[0.578s] -- Up-to-date symlink: /home/siwakon/ROS2_Directory/portman_ws/install/turtlesim_interfaces/share/turtlesim_interfaces/environment/path.dsv
[0.578s] -- Up-to-date symlink: /home/siwakon/ROS2_Directory/portman_ws/install/turtlesim_interfaces/share/turtlesim_interfaces/local_setup.bash
[0.579s] -- Up-to-date symlink: /home/siwakon/ROS2_Directory/portman_ws/install/turtlesim_interfaces/share/turtlesim_interfaces/local_setup.sh
[0.579s] -- Up-to-date symlink: /home/siwakon/ROS2_Directory/portman_ws/install/turtlesim_interfaces/share/turtlesim_interfaces/local_setup.zsh
[0.579s] -- Up-to-date symlink: /home/siwakon/ROS2_Directory/portman_ws/install/turtlesim_interfaces/share/turtlesim_interfaces/local_setup.dsv
[0.580s] -- Symlinking: /home/siwakon/ROS2_Directory/portman_ws/install/turtlesim_interfaces/share/turtlesim_interfaces/package.dsv
[0.596s] -- Up-to-date symlink: /home/siwakon/ROS2_Directory/portman_ws/install/turtlesim_interfaces/share/ament_index/resource_index/packages/turtlesim_interfaces
[0.597s] -- Up-to-date symlink: /home/siwakon/ROS2_Directory/portman_ws/install/turtlesim_interfaces/share/turtlesim_interfaces/cmake/rosidl_cmake-extras.cmake
[0.597s] -- Up-to-date symlink: /home/siwakon/ROS2_Directory/portman_ws/install/turtlesim_interfaces/share/turtlesim_interfaces/cmake/ament_cmake_export_dependencies-extras.cmake
[0.598s] -- Up-to-date symlink: /home/siwakon/ROS2_Directory/portman_ws/install/turtlesim_interfaces/share/turtlesim_interfaces/cmake/ament_cmake_export_libraries-extras.cmake
[0.598s] -- Up-to-date symlink: /home/siwakon/ROS2_Directory/portman_ws/install/turtlesim_interfaces/share/turtlesim_interfaces/cmake/ament_cmake_export_targets-extras.cmake
[0.599s] -- Up-to-date symlink: /home/siwakon/ROS2_Directory/portman_ws/install/turtlesim_interfaces/share/turtlesim_interfaces/cmake/ament_cmake_export_include_directories-extras.cmake
[0.600s] -- Up-to-date symlink: /home/siwakon/ROS2_Directory/portman_ws/install/turtlesim_interfaces/share/turtlesim_interfaces/cmake/rosidl_cmake_export_typesupport_libraries-extras.cmake
[0.600s] -- Up-to-date symlink: /home/siwakon/ROS2_Directory/portman_ws/install/turtlesim_interfaces/share/turtlesim_interfaces/cmake/rosidl_cmake_export_typesupport_targets-extras.cmake
[0.601s] -- Up-to-date symlink: /home/siwakon/ROS2_Directory/portman_ws/install/turtlesim_interfaces/share/turtlesim_interfaces/cmake/turtlesim_interfacesConfig.cmake
[0.601s] -- Up-to-date symlink: /home/siwakon/ROS2_Directory/portman_ws/install/turtlesim_interfaces/share/turtlesim_interfaces/cmake/turtlesim_interfacesConfig-version.cmake
[0.601s] -- Up-to-date symlink: /home/siwakon/ROS2_Directory/portman_ws/install/turtlesim_interfaces/share/turtlesim_interfaces/package.xml
[0.602s] -- Up-to-date: /home/siwakon/ROS2_Directory/portman_ws/install/turtlesim_interfaces/lib/libturtlesim_interfaces__rosidl_generator_c.so
[0.603s] -- Up-to-date: /home/siwakon/ROS2_Directory/portman_ws/install/turtlesim_interfaces/lib/libturtlesim_interfaces__rosidl_typesupport_introspection_c.so
[0.604s] -- Up-to-date: /home/siwakon/ROS2_Directory/portman_ws/install/turtlesim_interfaces/lib/libturtlesim_interfaces__rosidl_typesupport_c.so
[0.604s] -- Up-to-date: /home/siwakon/ROS2_Directory/portman_ws/install/turtlesim_interfaces/lib/libturtlesim_interfaces__rosidl_typesupport_introspection_cpp.so
[0.605s] -- Up-to-date: /home/siwakon/ROS2_Directory/portman_ws/install/turtlesim_interfaces/lib/libturtlesim_interfaces__rosidl_typesupport_cpp.so
[0.665s] -- Up-to-date: /home/siwakon/ROS2_Directory/portman_ws/install/turtlesim_interfaces/share/turtlesim_interfaces/cmake/turtlesim_interfaces__rosidl_generator_cExport.cmake
[0.666s] -- Up-to-date: /home/siwakon/ROS2_Directory/portman_ws/install/turtlesim_interfaces/share/turtlesim_interfaces/cmake/turtlesim_interfaces__rosidl_generator_cExport-noconfig.cmake
[0.666s] -- Up-to-date: /home/siwakon/ROS2_Directory/portman_ws/install/turtlesim_interfaces/share/turtlesim_interfaces/cmake/turtlesim_interfaces__rosidl_typesupport_introspection_cExport.cmake
[0.666s] -- Up-to-date: /home/siwakon/ROS2_Directory/portman_ws/install/turtlesim_interfaces/share/turtlesim_interfaces/cmake/turtlesim_interfaces__rosidl_typesupport_introspection_cExport-noconfig.cmake
[0.666s] -- Up-to-date: /home/siwakon/ROS2_Directory/portman_ws/install/turtlesim_interfaces/share/turtlesim_interfaces/cmake/turtlesim_interfaces__rosidl_typesupport_cExport.cmake
[0.667s] -- Up-to-date: /home/siwakon/ROS2_Directory/portman_ws/install/turtlesim_interfaces/share/turtlesim_interfaces/cmake/turtlesim_interfaces__rosidl_typesupport_cExport-noconfig.cmake
[0.667s] -- Up-to-date: /home/siwakon/ROS2_Directory/portman_ws/install/turtlesim_interfaces/share/turtlesim_interfaces/cmake/turtlesim_interfaces__rosidl_generator_cppExport.cmake
[0.668s] -- Up-to-date: /home/siwakon/ROS2_Directory/portman_ws/install/turtlesim_interfaces/share/turtlesim_interfaces/cmake/turtlesim_interfaces__rosidl_typesupport_introspection_cppExport.cmake
[0.668s] -- Up-to-date: /home/siwakon/ROS2_Directory/portman_ws/install/turtlesim_interfaces/share/turtlesim_interfaces/cmake/turtlesim_interfaces__rosidl_typesupport_introspection_cppExport-noconfig.cmake
[0.668s] -- Up-to-date: /home/siwakon/ROS2_Directory/portman_ws/install/turtlesim_interfaces/share/turtlesim_interfaces/cmake/turtlesim_interfaces__rosidl_typesupport_cppExport.cmake
[0.668s] -- Up-to-date: /home/siwakon/ROS2_Directory/portman_ws/install/turtlesim_interfaces/share/turtlesim_interfaces/cmake/turtlesim_interfaces__rosidl_typesupport_cppExport-noconfig.cmake
[0.676s] Invoked command in '/home/siwakon/ROS2_Directory/portman_ws/build/turtlesim_interfaces' returned '0': CMAKE_PREFIX_PATH=${CMAKE_PREFIX_PATH}:/opt/ros/foxy /usr/bin/cmake --install /home/siwakon/ROS2_Directory/portman_ws/build/turtlesim_interfaces
