[0.024s] Invoking command in '/home/siwakon/ROS2_Directory/portman_ws/build/turtlesim_interfaces': CMAKE_PREFIX_PATH=${CMAKE_PREFIX_PATH}:/opt/ros/foxy /usr/bin/cmake --build /home/siwakon/ROS2_Directory/portman_ws/build/turtlesim_interfaces -- -j12 -l12
[0.107s] [ 10%] Built target turtlesim_interfaces__rosidl_generator_c
[0.110s] [ 12%] Built target turtlesim_interfaces__cpp
[0.139s] [ 23%] Built target turtlesim_interfaces__rosidl_typesupport_c
[0.141s] [ 33%] Built target turtlesim_interfaces__rosidl_typesupport_introspection_cpp
[0.142s] [ 43%] Built target turtlesim_interfaces__rosidl_typesupport_introspection_c
[0.143s] [ 53%] Built target turtlesim_interfaces__rosidl_typesupport_cpp
[0.148s] [ 64%] Built target turtlesim_interfaces__rosidl_typesupport_fastrtps_cpp
[0.191s] [ 74%] Built target turtlesim_interfaces__rosidl_typesupport_fastrtps_c
[0.227s] [ 74%] Built target turtlesim_interfaces
[0.261s] [ 76%] Built target turtlesim_interfaces__py
[0.307s] [ 84%] Built target turtlesim_interfaces__python
[0.345s] [ 89%] Built target turtlesim_interfaces__rosidl_typesupport_c__pyext
[0.348s] [ 94%] Built target turtlesim_interfaces__rosidl_typesupport_fastrtps_c__pyext
[0.348s] [100%] Built target turtlesim_interfaces__rosidl_typesupport_introspection_c__pyext
[0.368s] Invoked command in '/home/siwakon/ROS2_Directory/portman_ws/build/turtlesim_interfaces' returned '0': CMAKE_PREFIX_PATH=${CMAKE_PREFIX_PATH}:/opt/ros/foxy /usr/bin/cmake --build /home/siwakon/ROS2_Directory/portman_ws/build/turtlesim_interfaces -- -j12 -l12
[0.449s] Invoking command in '/home/siwakon/ROS2_Directory/portman_ws/build/turtlesim_interfaces': CMAKE_PREFIX_PATH=${CMAKE_PREFIX_PATH}:/opt/ros/foxy /usr/bin/cmake --install /home/siwakon/ROS2_Directory/portman_ws/build/turtlesim_interfaces
[0.463s] -- Install configuration: ""
[0.464s] -- Execute custom install script
[0.464s] -- Up-to-date symlink: /home/siwakon/ROS2_Directory/portman_ws/install/turtlesim_interfaces/share/ament_index/resource_index/rosidl_interfaces/turtlesim_interfaces
[0.466s] -- Up-to-date symlink: /home/siwakon/ROS2_Directory/portman_ws/install/turtlesim_interfaces/include/turtlesim_interfaces/msg/rosidl_generator_c__visibility_control.h
[0.466s] -- Up-to-date symlink: /home/siwakon/ROS2_Directory/portman_ws/install/turtlesim_interfaces/include/turtlesim_interfaces/srv/detail/rand_goal__functions.h
[0.466s] -- Up-to-date symlink: /home/siwakon/ROS2_Directory/portman_ws/install/turtlesim_interfaces/include/turtlesim_interfaces/srv/detail/rand_goal__struct.h
[0.467s] -- Up-to-date symlink: /home/siwakon/ROS2_Directory/portman_ws/install/turtlesim_interfaces/include/turtlesim_interfaces/srv/detail/rand_goal__type_support.h
[0.467s] -- Up-to-date symlink: /home/siwakon/ROS2_Directory/portman_ws/install/turtlesim_interfaces/include/turtlesim_interfaces/srv/detail/set_goal__functions.h
[0.467s] -- Up-to-date symlink: /home/siwakon/ROS2_Directory/portman_ws/install/turtlesim_interfaces/include/turtlesim_interfaces/srv/detail/set_goal__struct.h
[0.467s] -- Up-to-date symlink: /home/siwakon/ROS2_Directory/portman_ws/install/turtlesim_interfaces/include/turtlesim_interfaces/srv/detail/set_goal__type_support.h
[0.467s] -- Up-to-date symlink: /home/siwakon/ROS2_Directory/portman_ws/install/turtlesim_interfaces/include/turtlesim_interfaces/srv/rand_goal.h
[0.467s] -- Up-to-date symlink: /home/siwakon/ROS2_Directory/portman_ws/install/turtlesim_interfaces/include/turtlesim_interfaces/srv/set_goal.h
[0.468s] -- Up-to-date symlink: /home/siwakon/ROS2_Directory/portman_ws/install/turtlesim_interfaces/share/turtlesim_interfaces/environment/library_path.sh
[0.468s] -- Up-to-date symlink: /home/siwakon/ROS2_Directory/portman_ws/install/turtlesim_interfaces/share/turtlesim_interfaces/environment/library_path.dsv
[0.469s] -- Up-to-date symlink: /home/siwakon/ROS2_Directory/portman_ws/install/turtlesim_interfaces/include/turtlesim_interfaces/msg/rosidl_typesupport_fastrtps_c__visibility_control.h
[0.469s] -- Up-to-date symlink: /home/siwakon/ROS2_Directory/portman_ws/install/turtlesim_interfaces/include/turtlesim_interfaces/srv/detail/rand_goal__rosidl_typesupport_fastrtps_c.h
[0.469s] -- Up-to-date symlink: /home/siwakon/ROS2_Directory/portman_ws/install/turtlesim_interfaces/include/turtlesim_interfaces/srv/detail/set_goal__rosidl_typesupport_fastrtps_c.h
[0.470s] -- Up-to-date symlink: /home/siwakon/ROS2_Directory/portman_ws/install/turtlesim_interfaces/lib/libturtlesim_interfaces__rosidl_typesupport_fastrtps_c.so
[0.471s] -- Up-to-date symlink: /home/siwakon/ROS2_Directory/portman_ws/install/turtlesim_interfaces/include/turtlesim_interfaces/msg/rosidl_typesupport_fastrtps_cpp__visibility_control.h
[0.471s] -- Up-to-date symlink: /home/siwakon/ROS2_Directory/portman_ws/install/turtlesim_interfaces/include/turtlesim_interfaces/srv/detail/rand_goal__rosidl_typesupport_fastrtps_cpp.hpp
[0.471s] -- Up-to-date symlink: /home/siwakon/ROS2_Directory/portman_ws/install/turtlesim_interfaces/include/turtlesim_interfaces/srv/detail/set_goal__rosidl_typesupport_fastrtps_cpp.hpp
[0.472s] -- Up-to-date symlink: /home/siwakon/ROS2_Directory/portman_ws/install/turtlesim_interfaces/lib/libturtlesim_interfaces__rosidl_typesupport_fastrtps_cpp.so
[0.472s] -- Up-to-date symlink: /home/siwakon/ROS2_Directory/portman_ws/install/turtlesim_interfaces/include/turtlesim_interfaces/msg/rosidl_typesupport_introspection_c__visibility_control.h
[0.472s] -- Up-to-date symlink: /home/siwakon/ROS2_Directory/portman_ws/install/turtlesim_interfaces/include/turtlesim_interfaces/srv/detail/rand_goal__rosidl_typesupport_introspection_c.h
[0.473s] -- Up-to-date symlink: /home/siwakon/ROS2_Directory/portman_ws/install/turtlesim_interfaces/include/turtlesim_interfaces/srv/detail/set_goal__rosidl_typesupport_introspection_c.h
[0.473s] -- Up-to-date symlink: /home/siwakon/ROS2_Directory/portman_ws/install/turtlesim_interfaces/include/turtlesim_interfaces/srv/detail/rand_goal__builder.hpp
[0.474s] -- Up-to-date symlink: /home/siwakon/ROS2_Directory/portman_ws/install/turtlesim_interfaces/include/turtlesim_interfaces/srv/detail/rand_goal__struct.hpp
[0.474s] -- Up-to-date symlink: /home/siwakon/ROS2_Directory/portman_ws/install/turtlesim_interfaces/include/turtlesim_interfaces/srv/detail/rand_goal__traits.hpp
[0.474s] -- Up-to-date symlink: /home/siwakon/ROS2_Directory/portman_ws/install/turtlesim_interfaces/include/turtlesim_interfaces/srv/detail/set_goal__builder.hpp
[0.474s] -- Up-to-date symlink: /home/siwakon/ROS2_Directory/portman_ws/install/turtlesim_interfaces/include/turtlesim_interfaces/srv/detail/set_goal__struct.hpp
[0.474s] -- Up-to-date symlink: /home/siwakon/ROS2_Directory/portman_ws/install/turtlesim_interfaces/include/turtlesim_interfaces/srv/detail/set_goal__traits.hpp
[0.474s] -- Up-to-date symlink: /home/siwakon/ROS2_Directory/portman_ws/install/turtlesim_interfaces/include/turtlesim_interfaces/srv/rand_goal.hpp
[0.475s] -- Up-to-date symlink: /home/siwakon/ROS2_Directory/portman_ws/install/turtlesim_interfaces/include/turtlesim_interfaces/srv/set_goal.hpp
[0.475s] -- Up-to-date symlink: /home/siwakon/ROS2_Directory/portman_ws/install/turtlesim_interfaces/include/turtlesim_interfaces/srv/detail/rand_goal__rosidl_typesupport_introspection_cpp.hpp
[0.476s] -- Up-to-date symlink: /home/siwakon/ROS2_Directory/portman_ws/install/turtlesim_interfaces/include/turtlesim_interfaces/srv/detail/set_goal__rosidl_typesupport_introspection_cpp.hpp
[0.476s] -- Up-to-date symlink: /home/siwakon/ROS2_Directory/portman_ws/install/turtlesim_interfaces/share/turtlesim_interfaces/environment/pythonpath.sh
[0.476s] -- Up-to-date symlink: /home/siwakon/ROS2_Directory/portman_ws/install/turtlesim_interfaces/share/turtlesim_interfaces/environment/pythonpath.dsv
[0.477s] -- Up-to-date symlink: /home/siwakon/ROS2_Directory/portman_ws/install/turtlesim_interfaces/lib/python3.8/site-packages/turtlesim_interfaces/__init__.py
[0.478s] -- Up-to-date symlink: /home/siwakon/ROS2_Directory/portman_ws/install/turtlesim_interfaces/lib/python3.8/site-packages/turtlesim_interfaces/srv/__init__.py
[0.478s] -- Up-to-date symlink: /home/siwakon/ROS2_Directory/portman_ws/install/turtlesim_interfaces/lib/python3.8/site-packages/turtlesim_interfaces/srv/_rand_goal.py
[0.478s] -- Up-to-date symlink: /home/siwakon/ROS2_Directory/portman_ws/install/turtlesim_interfaces/lib/python3.8/site-packages/turtlesim_interfaces/srv/_set_goal.py
[0.478s] -- Up-to-date symlink: /home/siwakon/ROS2_Directory/portman_ws/install/turtlesim_interfaces/lib/python3.8/site-packages/turtlesim_interfaces/turtlesim_interfaces_s__rosidl_typesupport_fastrtps_c.cpython-38-x86_64-linux-gnu.so
[0.479s] -- Up-to-date symlink: /home/siwakon/ROS2_Directory/portman_ws/install/turtlesim_interfaces/lib/python3.8/site-packages/turtlesim_interfaces/turtlesim_interfaces_s__rosidl_typesupport_introspection_c.cpython-38-x86_64-linux-gnu.so
[0.479s] -- Up-to-date symlink: /home/siwakon/ROS2_Directory/portman_ws/install/turtlesim_interfaces/lib/python3.8/site-packages/turtlesim_interfaces/turtlesim_interfaces_s__rosidl_typesupport_c.cpython-38-x86_64-linux-gnu.so
[0.480s] -- Up-to-date symlink: /home/siwakon/ROS2_Directory/portman_ws/install/turtlesim_interfaces/lib/libturtlesim_interfaces__python.so
[0.480s] -- Up-to-date symlink: /home/siwakon/ROS2_Directory/portman_ws/install/turtlesim_interfaces/share/turtlesim_interfaces/srv/RandGoal.idl
[0.481s] -- Up-to-date symlink: /home/siwakon/ROS2_Directory/portman_ws/install/turtlesim_interfaces/share/turtlesim_interfaces/srv/SetGoal.idl
[0.481s] -- Up-to-date symlink: /home/siwakon/ROS2_Directory/portman_ws/install/turtlesim_interfaces/share/turtlesim_interfaces/srv/RandGoal.srv
[0.481s] -- Up-to-date symlink: /home/siwakon/ROS2_Directory/portman_ws/install/turtlesim_interfaces/share/turtlesim_interfaces/srv/RandGoal_Request.msg
[0.482s] -- Up-to-date symlink: /home/siwakon/ROS2_Directory/portman_ws/install/turtlesim_interfaces/share/turtlesim_interfaces/srv/RandGoal_Response.msg
[0.482s] -- Up-to-date symlink: /home/siwakon/ROS2_Directory/portman_ws/install/turtlesim_interfaces/share/turtlesim_interfaces/srv/SetGoal.srv
[0.482s] -- Up-to-date symlink: /home/siwakon/ROS2_Directory/portman_ws/install/turtlesim_interfaces/share/turtlesim_interfaces/srv/SetGoal_Request.msg
[0.482s] -- Up-to-date symlink: /home/siwakon/ROS2_Directory/portman_ws/install/turtlesim_interfaces/share/turtlesim_interfaces/srv/SetGoal_Response.msg
[0.483s] -- Up-to-date symlink: /home/siwakon/ROS2_Directory/portman_ws/install/turtlesim_interfaces/share/ament_index/resource_index/package_run_dependencies/turtlesim_interfaces
[0.483s] -- Up-to-date symlink: /home/siwakon/ROS2_Directory/portman_ws/install/turtlesim_interfaces/share/ament_index/resource_index/parent_prefix_path/turtlesim_interfaces
[0.483s] -- Up-to-date symlink: /home/siwakon/ROS2_Directory/portman_ws/install/turtlesim_interfaces/share/turtlesim_interfaces/environment/ament_prefix_path.sh
[0.484s] -- Up-to-date symlink: /home/siwakon/ROS2_Directory/portman_ws/install/turtlesim_interfaces/share/turtlesim_interfaces/environment/ament_prefix_path.dsv
[0.484s] -- Up-to-date symlink: /home/siwakon/ROS2_Directory/portman_ws/install/turtlesim_interfaces/share/turtlesim_interfaces/environment/path.sh
[0.485s] -- Up-to-date symlink: /home/siwakon/ROS2_Directory/portman_ws/install/turtlesim_interfaces/share/turtlesim_interfaces/environment/path.dsv
[0.485s] -- Up-to-date symlink: /home/siwakon/ROS2_Directory/portman_ws/install/turtlesim_interfaces/share/turtlesim_interfaces/local_setup.bash
[0.485s] -- Up-to-date symlink: /home/siwakon/ROS2_Directory/portman_ws/install/turtlesim_interfaces/share/turtlesim_interfaces/local_setup.sh
[0.485s] -- Up-to-date symlink: /home/siwakon/ROS2_Directory/portman_ws/install/turtlesim_interfaces/share/turtlesim_interfaces/local_setup.zsh
[0.486s] -- Up-to-date symlink: /home/siwakon/ROS2_Directory/portman_ws/install/turtlesim_interfaces/share/turtlesim_interfaces/local_setup.dsv
[0.486s] -- Symlinking: /home/siwakon/ROS2_Directory/portman_ws/install/turtlesim_interfaces/share/turtlesim_interfaces/package.dsv
[0.499s] -- Up-to-date symlink: /home/siwakon/ROS2_Directory/portman_ws/install/turtlesim_interfaces/share/ament_index/resource_index/packages/turtlesim_interfaces
[0.500s] -- Up-to-date symlink: /home/siwakon/ROS2_Directory/portman_ws/install/turtlesim_interfaces/share/turtlesim_interfaces/cmake/rosidl_cmake-extras.cmake
[0.501s] -- Up-to-date symlink: /home/siwakon/ROS2_Directory/portman_ws/install/turtlesim_interfaces/share/turtlesim_interfaces/cmake/ament_cmake_export_dependencies-extras.cmake
[0.501s] -- Up-to-date symlink: /home/siwakon/ROS2_Directory/portman_ws/install/turtlesim_interfaces/share/turtlesim_interfaces/cmake/ament_cmake_export_libraries-extras.cmake
[0.502s] -- Up-to-date symlink: /home/siwakon/ROS2_Directory/portman_ws/install/turtlesim_interfaces/share/turtlesim_interfaces/cmake/ament_cmake_export_targets-extras.cmake
[0.502s] -- Up-to-date symlink: /home/siwakon/ROS2_Directory/portman_ws/install/turtlesim_interfaces/share/turtlesim_interfaces/cmake/ament_cmake_export_include_directories-extras.cmake
[0.502s] -- Up-to-date symlink: /home/siwakon/ROS2_Directory/portman_ws/install/turtlesim_interfaces/share/turtlesim_interfaces/cmake/rosidl_cmake_export_typesupport_libraries-extras.cmake
[0.503s] -- Up-to-date symlink: /home/siwakon/ROS2_Directory/portman_ws/install/turtlesim_interfaces/share/turtlesim_interfaces/cmake/rosidl_cmake_export_typesupport_targets-extras.cmake
[0.503s] -- Up-to-date symlink: /home/siwakon/ROS2_Directory/portman_ws/install/turtlesim_interfaces/share/turtlesim_interfaces/cmake/turtlesim_interfacesConfig.cmake
[0.503s] -- Up-to-date symlink: /home/siwakon/ROS2_Directory/portman_ws/install/turtlesim_interfaces/share/turtlesim_interfaces/cmake/turtlesim_interfacesConfig-version.cmake
[0.504s] -- Up-to-date symlink: /home/siwakon/ROS2_Directory/portman_ws/install/turtlesim_interfaces/share/turtlesim_interfaces/package.xml
[0.505s] -- Up-to-date: /home/siwakon/ROS2_Directory/portman_ws/install/turtlesim_interfaces/lib/libturtlesim_interfaces__rosidl_generator_c.so
[0.505s] -- Up-to-date: /home/siwakon/ROS2_Directory/portman_ws/install/turtlesim_interfaces/lib/libturtlesim_interfaces__rosidl_typesupport_introspection_c.so
[0.506s] -- Up-to-date: /home/siwakon/ROS2_Directory/portman_ws/install/turtlesim_interfaces/lib/libturtlesim_interfaces__rosidl_typesupport_c.so
[0.506s] -- Up-to-date: /home/siwakon/ROS2_Directory/portman_ws/install/turtlesim_interfaces/lib/libturtlesim_interfaces__rosidl_typesupport_introspection_cpp.so
[0.507s] -- Up-to-date: /home/siwakon/ROS2_Directory/portman_ws/install/turtlesim_interfaces/lib/libturtlesim_interfaces__rosidl_typesupport_cpp.so
[0.555s] -- Up-to-date: /home/siwakon/ROS2_Directory/portman_ws/install/turtlesim_interfaces/share/turtlesim_interfaces/cmake/turtlesim_interfaces__rosidl_generator_cExport.cmake
[0.555s] -- Up-to-date: /home/siwakon/ROS2_Directory/portman_ws/install/turtlesim_interfaces/share/turtlesim_interfaces/cmake/turtlesim_interfaces__rosidl_generator_cExport-noconfig.cmake
[0.556s] -- Up-to-date: /home/siwakon/ROS2_Directory/portman_ws/install/turtlesim_interfaces/share/turtlesim_interfaces/cmake/turtlesim_interfaces__rosidl_typesupport_introspection_cExport.cmake
[0.556s] -- Up-to-date: /home/siwakon/ROS2_Directory/portman_ws/install/turtlesim_interfaces/share/turtlesim_interfaces/cmake/turtlesim_interfaces__rosidl_typesupport_introspection_cExport-noconfig.cmake
[0.556s] -- Up-to-date: /home/siwakon/ROS2_Directory/portman_ws/install/turtlesim_interfaces/share/turtlesim_interfaces/cmake/turtlesim_interfaces__rosidl_typesupport_cExport.cmake
[0.557s] -- Up-to-date: /home/siwakon/ROS2_Directory/portman_ws/install/turtlesim_interfaces/share/turtlesim_interfaces/cmake/turtlesim_interfaces__rosidl_typesupport_cExport-noconfig.cmake
[0.557s] -- Up-to-date: /home/siwakon/ROS2_Directory/portman_ws/install/turtlesim_interfaces/share/turtlesim_interfaces/cmake/turtlesim_interfaces__rosidl_generator_cppExport.cmake
[0.557s] -- Up-to-date: /home/siwakon/ROS2_Directory/portman_ws/install/turtlesim_interfaces/share/turtlesim_interfaces/cmake/turtlesim_interfaces__rosidl_typesupport_introspection_cppExport.cmake
[0.557s] -- Up-to-date: /home/siwakon/ROS2_Directory/portman_ws/install/turtlesim_interfaces/share/turtlesim_interfaces/cmake/turtlesim_interfaces__rosidl_typesupport_introspection_cppExport-noconfig.cmake
[0.557s] -- Up-to-date: /home/siwakon/ROS2_Directory/portman_ws/install/turtlesim_interfaces/share/turtlesim_interfaces/cmake/turtlesim_interfaces__rosidl_typesupport_cppExport.cmake
[0.557s] -- Up-to-date: /home/siwakon/ROS2_Directory/portman_ws/install/turtlesim_interfaces/share/turtlesim_interfaces/cmake/turtlesim_interfaces__rosidl_typesupport_cppExport-noconfig.cmake
[0.563s] Invoked command in '/home/siwakon/ROS2_Directory/portman_ws/build/turtlesim_interfaces' returned '0': CMAKE_PREFIX_PATH=${CMAKE_PREFIX_PATH}:/opt/ros/foxy /usr/bin/cmake --install /home/siwakon/ROS2_Directory/portman_ws/build/turtlesim_interfaces
